[0.637s] Invoking command in '/ros2_ws/src/my_robot_controller': PYTHONPATH=/ros2_ws/build/my_robot_controller/prefix_override:/ros2_ws/install/my_robot_controller/lib/python3.10/site-packages:${PYTHONPATH} /usr/bin/python3 setup.py egg_info --egg-base ../../build/my_robot_controller build --build-base /ros2_ws/build/my_robot_controller/build install --record /ros2_ws/build/my_robot_controller/install.log --single-version-externally-managed
[0.832s] running egg_info
[0.833s] creating ../../build/my_robot_controller/my_robot_controller.egg-info
[0.836s] writing ../../build/my_robot_controller/my_robot_controller.egg-info/PKG-INFO
[0.836s] writing dependency_links to ../../build/my_robot_controller/my_robot_controller.egg-info/dependency_links.txt
[0.836s] writing entry points to ../../build/my_robot_controller/my_robot_controller.egg-info/entry_points.txt
[0.836s] writing requirements to ../../build/my_robot_controller/my_robot_controller.egg-info/requires.txt
[0.836s] writing top-level names to ../../build/my_robot_controller/my_robot_controller.egg-info/top_level.txt
[0.836s] writing manifest file '../../build/my_robot_controller/my_robot_controller.egg-info/SOURCES.txt'
[0.837s] reading manifest file '../../build/my_robot_controller/my_robot_controller.egg-info/SOURCES.txt'
[0.837s] writing manifest file '../../build/my_robot_controller/my_robot_controller.egg-info/SOURCES.txt'
[0.837s] running build
[0.837s] running build_py
[0.838s] creating /ros2_ws/build/my_robot_controller/build
[0.838s] creating /ros2_ws/build/my_robot_controller/build/lib
[0.838s] creating /ros2_ws/build/my_robot_controller/build/lib/my_robot_controller
[0.838s] /usr/lib/python3/dist-packages/setuptools/command/install.py:34: SetuptoolsDeprecationWarning: setup.py install is deprecated. Use build and pip and other standards-based tools.
[0.838s]   warnings.warn(
[0.838s] copying my_robot_controller/navigation.py -> /ros2_ws/build/my_robot_controller/build/lib/my_robot_controller
[0.838s] copying my_robot_controller/__init__.py -> /ros2_ws/build/my_robot_controller/build/lib/my_robot_controller
[0.838s] copying my_robot_controller/aw_navigation.py -> /ros2_ws/build/my_robot_controller/build/lib/my_robot_controller
[0.838s] copying my_robot_controller/mapping.py -> /ros2_ws/build/my_robot_controller/build/lib/my_robot_controller
[0.838s] running install
[0.838s] running install_lib
[0.839s] running install_data
[0.839s] running install_egg_info
[0.841s] removing '/ros2_ws/install/my_robot_controller/lib/python3.10/site-packages/my_robot_controller-0.0.0-py3.10.egg-info' (and everything under it)
[0.841s] Copying ../../build/my_robot_controller/my_robot_controller.egg-info to /ros2_ws/install/my_robot_controller/lib/python3.10/site-packages/my_robot_controller-0.0.0-py3.10.egg-info
[0.841s] running install_scripts
[0.858s] Installing mapping script to /ros2_ws/install/my_robot_controller/lib/my_robot_controller
[0.858s] Installing navigation script to /ros2_ws/install/my_robot_controller/lib/my_robot_controller
[0.858s] writing list of installed files to '/ros2_ws/build/my_robot_controller/install.log'
[0.873s] Invoked command in '/ros2_ws/src/my_robot_controller' returned '0': PYTHONPATH=/ros2_ws/build/my_robot_controller/prefix_override:/ros2_ws/install/my_robot_controller/lib/python3.10/site-packages:${PYTHONPATH} /usr/bin/python3 setup.py egg_info --egg-base ../../build/my_robot_controller build --build-base /ros2_ws/build/my_robot_controller/build install --record /ros2_ws/build/my_robot_controller/install.log --single-version-externally-managed
