[0.450s] Invoking command in '/home/konstantin/ros2_ws/src/my_robot_controller': PYTHONPATH=/home/konstantin/ros2_ws/build/my_robot_controller/prefix_override:/usr/lib/python3/dist-packages/colcon_core/task/python/colcon_distutils_commands:/home/konstantin/ros2_ws/install/my_robot_controller/lib/python3.10/site-packages:${PYTHONPATH} /usr/bin/python3 -W ignore:setup.py install is deprecated -W ignore:easy_install command is deprecated setup.py egg_info --egg-base ../../build/my_robot_controller build --build-base /home/konstantin/ros2_ws/build/my_robot_controller/build install --record /home/konstantin/ros2_ws/build/my_robot_controller/install.log --single-version-externally-managed install_data
[0.680s] running egg_info
[0.680s] creating ../../build/my_robot_controller/my_robot_controller.egg-info
[0.680s] writing ../../build/my_robot_controller/my_robot_controller.egg-info/PKG-INFO
[0.681s] writing dependency_links to ../../build/my_robot_controller/my_robot_controller.egg-info/dependency_links.txt
[0.683s] writing entry points to ../../build/my_robot_controller/my_robot_controller.egg-info/entry_points.txt
[0.683s] writing requirements to ../../build/my_robot_controller/my_robot_controller.egg-info/requires.txt
[0.683s] writing top-level names to ../../build/my_robot_controller/my_robot_controller.egg-info/top_level.txt
[0.683s] writing manifest file '../../build/my_robot_controller/my_robot_controller.egg-info/SOURCES.txt'
[0.685s] reading manifest file '../../build/my_robot_controller/my_robot_controller.egg-info/SOURCES.txt'
[0.685s] writing manifest file '../../build/my_robot_controller/my_robot_controller.egg-info/SOURCES.txt'
[0.685s] running build
[0.685s] running build_py
[0.685s] creating /home/konstantin/ros2_ws/build/my_robot_controller/build
[0.685s] creating /home/konstantin/ros2_ws/build/my_robot_controller/build/lib
[0.685s] creating /home/konstantin/ros2_ws/build/my_robot_controller/build/lib/my_robot_controller
[0.685s] copying my_robot_controller/navigation.py -> /home/konstantin/ros2_ws/build/my_robot_controller/build/lib/my_robot_controller
[0.687s] copying my_robot_controller/__init__.py -> /home/konstantin/ros2_ws/build/my_robot_controller/build/lib/my_robot_controller
[0.687s] copying my_robot_controller/mapping.py -> /home/konstantin/ros2_ws/build/my_robot_controller/build/lib/my_robot_controller
[0.687s] running install
[0.689s] running install_lib
[0.689s] creating /home/konstantin/ros2_ws/install/my_robot_controller/lib/python3.10/site-packages/my_robot_controller
[0.689s] copying /home/konstantin/ros2_ws/build/my_robot_controller/build/lib/my_robot_controller/navigation.py -> /home/konstantin/ros2_ws/install/my_robot_controller/lib/python3.10/site-packages/my_robot_controller
[0.691s] copying /home/konstantin/ros2_ws/build/my_robot_controller/build/lib/my_robot_controller/__init__.py -> /home/konstantin/ros2_ws/install/my_robot_controller/lib/python3.10/site-packages/my_robot_controller
[0.691s] copying /home/konstantin/ros2_ws/build/my_robot_controller/build/lib/my_robot_controller/mapping.py -> /home/konstantin/ros2_ws/install/my_robot_controller/lib/python3.10/site-packages/my_robot_controller
[0.691s] byte-compiling /home/konstantin/ros2_ws/install/my_robot_controller/lib/python3.10/site-packages/my_robot_controller/navigation.py to navigation.cpython-310.pyc
[0.692s] byte-compiling /home/konstantin/ros2_ws/install/my_robot_controller/lib/python3.10/site-packages/my_robot_controller/__init__.py to __init__.cpython-310.pyc
[0.692s] byte-compiling /home/konstantin/ros2_ws/install/my_robot_controller/lib/python3.10/site-packages/my_robot_controller/mapping.py to mapping.cpython-310.pyc
[0.693s] running install_data
[0.694s] copying resource/my_robot_controller -> /home/konstantin/ros2_ws/install/my_robot_controller/share/ament_index/resource_index/packages
[0.698s] error: could not create '/home/konstantin/ros2_ws/install/my_robot_controller/share/ament_index/resource_index/packages/my_robot_controller': No such file or directory
[0.745s] Invoked command in '/home/konstantin/ros2_ws/src/my_robot_controller' returned '1': PYTHONPATH=/home/konstantin/ros2_ws/build/my_robot_controller/prefix_override:/usr/lib/python3/dist-packages/colcon_core/task/python/colcon_distutils_commands:/home/konstantin/ros2_ws/install/my_robot_controller/lib/python3.10/site-packages:${PYTHONPATH} /usr/bin/python3 -W ignore:setup.py install is deprecated -W ignore:easy_install command is deprecated setup.py egg_info --egg-base ../../build/my_robot_controller build --build-base /home/konstantin/ros2_ws/build/my_robot_controller/build install --record /home/konstantin/ros2_ws/build/my_robot_controller/install.log --single-version-externally-managed install_data
