[0.010s] Invoking command in '/home/konstantin/autolab/ros2_ws/build/dynamixel_sdk': CMAKE_PREFIX_PATH=/home/konstantin/ros2_ws/install/my_robot_controller:/opt/ros/humble /usr/bin/cmake /home/konstantin/autolab/ros2_ws/src/DynamixelSDK/ros/dynamixel_sdk -DCMAKE_INSTALL_PREFIX=/home/konstantin/autolab/ros2_ws/install/dynamixel_sdk
[0.050s] -- The C compiler identification is GNU 11.4.0
[0.099s] -- The CXX compiler identification is GNU 11.4.0
[0.105s] -- Detecting C compiler ABI info
[0.160s] -- Detecting C compiler ABI info - done
[0.167s] -- Check for working C compiler: /usr/bin/cc - skipped
[0.167s] -- Detecting C compile features
[0.167s] -- Detecting C compile features - done
[0.168s] -- Detecting CXX compiler ABI info
[0.229s] -- Detecting CXX compiler ABI info - done
[0.237s] -- Check for working CXX compiler: /usr/bin/c++ - skipped
[0.237s] -- Detecting CXX compile features
[0.237s] -- Detecting CXX compile features - done
[0.239s] -- Found ament_cmake: 1.3.11 (/opt/ros/humble/share/ament_cmake/cmake)
[0.363s] -- Found Python3: /usr/bin/python3 (found version "3.10.12") found components: Interpreter 
[0.528s] -- Configuring done
[0.531s] -- Generating done
[0.533s] -- Build files have been written to: /home/konstantin/autolab/ros2_ws/build/dynamixel_sdk
[0.536s] Invoked command in '/home/konstantin/autolab/ros2_ws/build/dynamixel_sdk' returned '0': CMAKE_PREFIX_PATH=/home/konstantin/ros2_ws/install/my_robot_controller:/opt/ros/humble /usr/bin/cmake /home/konstantin/autolab/ros2_ws/src/DynamixelSDK/ros/dynamixel_sdk -DCMAKE_INSTALL_PREFIX=/home/konstantin/autolab/ros2_ws/install/dynamixel_sdk
[0.538s] Invoking command in '/home/konstantin/autolab/ros2_ws/build/dynamixel_sdk': CMAKE_PREFIX_PATH=/home/konstantin/ros2_ws/install/my_robot_controller:/opt/ros/humble /usr/bin/cmake --build /home/konstantin/autolab/ros2_ws/build/dynamixel_sdk -- -j8 -l8
[0.577s] [ 15%] [32mBuilding CXX object CMakeFiles/dynamixel_sdk.dir/src/dynamixel_sdk/protocol1_packet_handler.cpp.o[0m
[0.578s] [ 15%] [32mBuilding CXX object CMakeFiles/dynamixel_sdk.dir/src/dynamixel_sdk/packet_handler.cpp.o[0m
[0.579s] [ 30%] [32mBuilding CXX object CMakeFiles/dynamixel_sdk.dir/src/dynamixel_sdk/group_bulk_read.cpp.o[0m
[0.579s] [ 30%] [32mBuilding CXX object CMakeFiles/dynamixel_sdk.dir/src/dynamixel_sdk/protocol2_packet_handler.cpp.o[0m
[0.579s] [ 38%] [32mBuilding CXX object CMakeFiles/dynamixel_sdk.dir/src/dynamixel_sdk/group_sync_write.cpp.o[0m
[0.581s] [ 46%] [32mBuilding CXX object CMakeFiles/dynamixel_sdk.dir/src/dynamixel_sdk/group_sync_read.cpp.o[0m
[0.585s] [ 53%] [32mBuilding CXX object CMakeFiles/dynamixel_sdk.dir/src/dynamixel_sdk/group_bulk_write.cpp.o[0m
[0.597s] [ 53%] Built target ament_cmake_python_copy_dynamixel_sdk
[0.689s] [ 61%] [32mBuilding CXX object CMakeFiles/dynamixel_sdk.dir/src/dynamixel_sdk/group_fast_bulk_read.cpp.o[0m
[0.753s] [ 69%] [32mBuilding CXX object CMakeFiles/dynamixel_sdk.dir/src/dynamixel_sdk/group_fast_sync_read.cpp.o[0m
[0.805s] [ 76%] [32mBuilding CXX object CMakeFiles/dynamixel_sdk.dir/src/dynamixel_sdk/group_handler.cpp.o[0m
[0.850s] running egg_info
[0.850s] creating dynamixel_sdk.egg-info
[0.851s] writing dynamixel_sdk.egg-info/PKG-INFO
[0.851s] writing dependency_links to dynamixel_sdk.egg-info/dependency_links.txt
[0.851s] writing top-level names to dynamixel_sdk.egg-info/top_level.txt
[0.851s] writing manifest file 'dynamixel_sdk.egg-info/SOURCES.txt'
[0.856s] [01m[K/home/konstantin/autolab/ros2_ws/src/DynamixelSDK/ros/dynamixel_sdk/src/dynamixel_sdk/group_bulk_read.cpp:[m[K In member function ‘[01m[Kbool dynamixel::GroupBulkRead::getError(uint8_t, uint8_t*)[m[K’:
[0.857s] [01m[K/home/konstantin/autolab/ros2_ws/src/DynamixelSDK/ros/dynamixel_sdk/src/dynamixel_sdk/group_bulk_read.cpp:232:19:[m[K [01;35m[Kwarning: [m[Ksuggest parentheses around assignment used as truth value [[01;35m[K]8;;https://gcc.gnu.org/onlinedocs/gcc/Warning-Options.html#index-Wparentheses-Wparentheses]8;;[m[K]
[0.857s]   232 |   return [01;35m[Kerror[0] = error_list_[id][0][m[K;
[0.857s]       |          [01;35m[K~~~~~~~~~^~~~~~~~~~~~~~~~~~~~[m[K
[0.857s] [01m[K/home/konstantin/autolab/ros2_ws/src/DynamixelSDK/ros/dynamixel_sdk/src/dynamixel_sdk/group_sync_read.cpp:[m[K In member function ‘[01m[Kbool dynamixel::GroupSyncRead::getError(uint8_t, uint8_t*)[m[K’:
[0.857s] [01m[K/home/konstantin/autolab/ros2_ws/src/DynamixelSDK/ros/dynamixel_sdk/src/dynamixel_sdk/group_sync_read.cpp:201:19:[m[K [01;35m[Kwarning: [m[Ksuggest parentheses around assignment used as truth value [[01;35m[K]8;;https://gcc.gnu.org/onlinedocs/gcc/Warning-Options.html#index-Wparentheses-Wparentheses]8;;[m[K]
[0.857s]   201 |   return [01;35m[Kerror[0] = error_list_[id][0][m[K;
[0.857s]       |          [01;35m[K~~~~~~~~~^~~~~~~~~~~~~~~~~~~~[m[K
[0.859s] reading manifest file 'dynamixel_sdk.egg-info/SOURCES.txt'
[0.859s] writing manifest file 'dynamixel_sdk.egg-info/SOURCES.txt'
[0.904s] [ 76%] Built target ament_cmake_python_build_dynamixel_sdk_egg
[0.914s] [ 84%] [32mBuilding CXX object CMakeFiles/dynamixel_sdk.dir/src/dynamixel_sdk/port_handler.cpp.o[0m
[0.945s] [ 92%] [32mBuilding CXX object CMakeFiles/dynamixel_sdk.dir/src/dynamixel_sdk/port_handler_linux.cpp.o[0m
[1.160s] [100%] [32m[1mLinking CXX shared library libdynamixel_sdk.so[0m
[1.220s] [100%] Built target dynamixel_sdk
[1.228s] Invoked command in '/home/konstantin/autolab/ros2_ws/build/dynamixel_sdk' returned '0': CMAKE_PREFIX_PATH=/home/konstantin/ros2_ws/install/my_robot_controller:/opt/ros/humble /usr/bin/cmake --build /home/konstantin/autolab/ros2_ws/build/dynamixel_sdk -- -j8 -l8
[1.237s] Invoking command in '/home/konstantin/autolab/ros2_ws/build/dynamixel_sdk': CMAKE_PREFIX_PATH=/home/konstantin/ros2_ws/install/my_robot_controller:/opt/ros/humble /usr/bin/cmake --install /home/konstantin/autolab/ros2_ws/build/dynamixel_sdk
[1.243s] -- Install configuration: ""
[1.243s] -- Installing: /home/konstantin/autolab/ros2_ws/install/dynamixel_sdk/include/
[1.243s] -- Installing: /home/konstantin/autolab/ros2_ws/install/dynamixel_sdk/include//dynamixel_sdk
[1.243s] -- Installing: /home/konstantin/autolab/ros2_ws/install/dynamixel_sdk/include//dynamixel_sdk/protocol2_packet_handler.h
[1.243s] -- Installing: /home/konstantin/autolab/ros2_ws/install/dynamixel_sdk/include//dynamixel_sdk/group_handler.h
[1.243s] -- Installing: /home/konstantin/autolab/ros2_ws/install/dynamixel_sdk/include//dynamixel_sdk/group_fast_bulk_read.h
[1.243s] -- Installing: /home/konstantin/autolab/ros2_ws/install/dynamixel_sdk/include//dynamixel_sdk/port_handler.h
[1.243s] -- Installing: /home/konstantin/autolab/ros2_ws/install/dynamixel_sdk/include//dynamixel_sdk/group_fast_sync_read.h
[1.243s] -- Installing: /home/konstantin/autolab/ros2_ws/install/dynamixel_sdk/include//dynamixel_sdk/dynamixel_sdk.h
[1.243s] -- Installing: /home/konstantin/autolab/ros2_ws/install/dynamixel_sdk/include//dynamixel_sdk/port_handler_arduino.h
[1.244s] -- Installing: /home/konstantin/autolab/ros2_ws/install/dynamixel_sdk/include//dynamixel_sdk/group_sync_read.h
[1.244s] -- Installing: /home/konstantin/autolab/ros2_ws/install/dynamixel_sdk/include//dynamixel_sdk/port_handler_windows.h
[1.244s] -- Installing: /home/konstantin/autolab/ros2_ws/install/dynamixel_sdk/include//dynamixel_sdk/group_bulk_read.h
[1.244s] -- Installing: /home/konstantin/autolab/ros2_ws/install/dynamixel_sdk/include//dynamixel_sdk/protocol1_packet_handler.h
[1.244s] -- Installing: /home/konstantin/autolab/ros2_ws/install/dynamixel_sdk/include//dynamixel_sdk/port_handler_linux.h
[1.244s] -- Installing: /home/konstantin/autolab/ros2_ws/install/dynamixel_sdk/include//dynamixel_sdk/packet_handler.h
[1.244s] -- Installing: /home/konstantin/autolab/ros2_ws/install/dynamixel_sdk/include//dynamixel_sdk/group_sync_write.h
[1.244s] -- Installing: /home/konstantin/autolab/ros2_ws/install/dynamixel_sdk/include//dynamixel_sdk/group_bulk_write.h
[1.244s] -- Installing: /home/konstantin/autolab/ros2_ws/install/dynamixel_sdk/include//dynamixel_sdk/port_handler_mac.h
[1.244s] -- Installing: /home/konstantin/autolab/ros2_ws/install/dynamixel_sdk/lib/libdynamixel_sdk.so
[1.244s] -- Installing: /home/konstantin/autolab/ros2_ws/install/dynamixel_sdk/share/dynamixel_sdk/environment/pythonpath.sh
[1.244s] -- Installing: /home/konstantin/autolab/ros2_ws/install/dynamixel_sdk/share/dynamixel_sdk/environment/pythonpath.dsv
[1.244s] -- Installing: /home/konstantin/autolab/ros2_ws/install/dynamixel_sdk/local/lib/python3.10/dist-packages/dynamixel_sdk-3.8.2-py3.10.egg-info
[1.244s] -- Installing: /home/konstantin/autolab/ros2_ws/install/dynamixel_sdk/local/lib/python3.10/dist-packages/dynamixel_sdk-3.8.2-py3.10.egg-info/dependency_links.txt
[1.244s] -- Installing: /home/konstantin/autolab/ros2_ws/install/dynamixel_sdk/local/lib/python3.10/dist-packages/dynamixel_sdk-3.8.2-py3.10.egg-info/PKG-INFO
[1.245s] -- Installing: /home/konstantin/autolab/ros2_ws/install/dynamixel_sdk/local/lib/python3.10/dist-packages/dynamixel_sdk-3.8.2-py3.10.egg-info/top_level.txt
[1.245s] -- Installing: /home/konstantin/autolab/ros2_ws/install/dynamixel_sdk/local/lib/python3.10/dist-packages/dynamixel_sdk-3.8.2-py3.10.egg-info/SOURCES.txt
[1.245s] -- Installing: /home/konstantin/autolab/ros2_ws/install/dynamixel_sdk/local/lib/python3.10/dist-packages/dynamixel_sdk
[1.245s] -- Installing: /home/konstantin/autolab/ros2_ws/install/dynamixel_sdk/local/lib/python3.10/dist-packages/dynamixel_sdk/protocol1_packet_handler.py
[1.245s] -- Installing: /home/konstantin/autolab/ros2_ws/install/dynamixel_sdk/local/lib/python3.10/dist-packages/dynamixel_sdk/protocol1_packet_handler.cpp
[1.245s] -- Installing: /home/konstantin/autolab/ros2_ws/install/dynamixel_sdk/local/lib/python3.10/dist-packages/dynamixel_sdk/robotis_def.py
[1.245s] -- Installing: /home/konstantin/autolab/ros2_ws/install/dynamixel_sdk/local/lib/python3.10/dist-packages/dynamixel_sdk/group_bulk_write.py
[1.245s] -- Installing: /home/konstantin/autolab/ros2_ws/install/dynamixel_sdk/local/lib/python3.10/dist-packages/dynamixel_sdk/group_sync_read.cpp
[1.245s] -- Installing: /home/konstantin/autolab/ros2_ws/install/dynamixel_sdk/local/lib/python3.10/dist-packages/dynamixel_sdk/port_handler.cpp
[1.245s] -- Installing: /home/konstantin/autolab/ros2_ws/install/dynamixel_sdk/local/lib/python3.10/dist-packages/dynamixel_sdk/port_handler_windows.cpp
[1.245s] -- Installing: /home/konstantin/autolab/ros2_ws/install/dynamixel_sdk/local/lib/python3.10/dist-packages/dynamixel_sdk/group_handler.cpp
[1.245s] -- Installing: /home/konstantin/autolab/ros2_ws/install/dynamixel_sdk/local/lib/python3.10/dist-packages/dynamixel_sdk/group_bulk_read.cpp
[1.245s] -- Installing: /home/konstantin/autolab/ros2_ws/install/dynamixel_sdk/local/lib/python3.10/dist-packages/dynamixel_sdk/group_bulk_write.cpp
[1.245s] -- Installing: /home/konstantin/autolab/ros2_ws/install/dynamixel_sdk/local/lib/python3.10/dist-packages/dynamixel_sdk/group_sync_write.cpp
[1.245s] -- Installing: /home/konstantin/autolab/ros2_ws/install/dynamixel_sdk/local/lib/python3.10/dist-packages/dynamixel_sdk/protocol2_packet_handler.cpp
[1.246s] -- Installing: /home/konstantin/autolab/ros2_ws/install/dynamixel_sdk/local/lib/python3.10/dist-packages/dynamixel_sdk/port_handler_arduino.cpp
[1.246s] -- Installing: /home/konstantin/autolab/ros2_ws/install/dynamixel_sdk/local/lib/python3.10/dist-packages/dynamixel_sdk/port_handler_linux.cpp
[1.246s] -- Installing: /home/konstantin/autolab/ros2_ws/install/dynamixel_sdk/local/lib/python3.10/dist-packages/dynamixel_sdk/group_fast_sync_read.cpp
[1.246s] -- Installing: /home/konstantin/autolab/ros2_ws/install/dynamixel_sdk/local/lib/python3.10/dist-packages/dynamixel_sdk/packet_handler.cpp
[1.246s] -- Installing: /home/konstantin/autolab/ros2_ws/install/dynamixel_sdk/local/lib/python3.10/dist-packages/dynamixel_sdk/port_handler.py
[1.246s] -- Installing: /home/konstantin/autolab/ros2_ws/install/dynamixel_sdk/local/lib/python3.10/dist-packages/dynamixel_sdk/protocol2_packet_handler.py
[1.246s] -- Installing: /home/konstantin/autolab/ros2_ws/install/dynamixel_sdk/local/lib/python3.10/dist-packages/dynamixel_sdk/packet_handler.py
[1.246s] -- Installing: /home/konstantin/autolab/ros2_ws/install/dynamixel_sdk/local/lib/python3.10/dist-packages/dynamixel_sdk/group_fast_bulk_read.cpp
[1.246s] -- Installing: /home/konstantin/autolab/ros2_ws/install/dynamixel_sdk/local/lib/python3.10/dist-packages/dynamixel_sdk/group_sync_read.py
[1.246s] -- Installing: /home/konstantin/autolab/ros2_ws/install/dynamixel_sdk/local/lib/python3.10/dist-packages/dynamixel_sdk/port_handler_mac.cpp
[1.246s] -- Installing: /home/konstantin/autolab/ros2_ws/install/dynamixel_sdk/local/lib/python3.10/dist-packages/dynamixel_sdk/group_bulk_read.py
[1.246s] -- Installing: /home/konstantin/autolab/ros2_ws/install/dynamixel_sdk/local/lib/python3.10/dist-packages/dynamixel_sdk/__init__.py
[1.246s] -- Installing: /home/konstantin/autolab/ros2_ws/install/dynamixel_sdk/local/lib/python3.10/dist-packages/dynamixel_sdk/group_sync_write.py
[1.272s] Listing '/home/konstantin/autolab/ros2_ws/install/dynamixel_sdk/local/lib/python3.10/dist-packages/dynamixel_sdk'...
[1.272s] Compiling '/home/konstantin/autolab/ros2_ws/install/dynamixel_sdk/local/lib/python3.10/dist-packages/dynamixel_sdk/__init__.py'...
[1.272s] Compiling '/home/konstantin/autolab/ros2_ws/install/dynamixel_sdk/local/lib/python3.10/dist-packages/dynamixel_sdk/group_bulk_read.py'...
[1.272s] Compiling '/home/konstantin/autolab/ros2_ws/install/dynamixel_sdk/local/lib/python3.10/dist-packages/dynamixel_sdk/group_bulk_write.py'...
[1.272s] Compiling '/home/konstantin/autolab/ros2_ws/install/dynamixel_sdk/local/lib/python3.10/dist-packages/dynamixel_sdk/group_sync_read.py'...
[1.272s] Compiling '/home/konstantin/autolab/ros2_ws/install/dynamixel_sdk/local/lib/python3.10/dist-packages/dynamixel_sdk/group_sync_write.py'...
[1.272s] Compiling '/home/konstantin/autolab/ros2_ws/install/dynamixel_sdk/local/lib/python3.10/dist-packages/dynamixel_sdk/packet_handler.py'...
[1.272s] Compiling '/home/konstantin/autolab/ros2_ws/install/dynamixel_sdk/local/lib/python3.10/dist-packages/dynamixel_sdk/port_handler.py'...
[1.272s] Compiling '/home/konstantin/autolab/ros2_ws/install/dynamixel_sdk/local/lib/python3.10/dist-packages/dynamixel_sdk/protocol1_packet_handler.py'...
[1.272s] Compiling '/home/konstantin/autolab/ros2_ws/install/dynamixel_sdk/local/lib/python3.10/dist-packages/dynamixel_sdk/protocol2_packet_handler.py'...
[1.272s] Compiling '/home/konstantin/autolab/ros2_ws/install/dynamixel_sdk/local/lib/python3.10/dist-packages/dynamixel_sdk/robotis_def.py'...
[1.275s] -- Installing: /home/konstantin/autolab/ros2_ws/install/dynamixel_sdk/share/dynamixel_sdk/environment/library_path.sh
[1.275s] -- Installing: /home/konstantin/autolab/ros2_ws/install/dynamixel_sdk/share/dynamixel_sdk/environment/library_path.dsv
[1.275s] -- Installing: /home/konstantin/autolab/ros2_ws/install/dynamixel_sdk/share/ament_index/resource_index/package_run_dependencies/dynamixel_sdk
[1.275s] -- Installing: /home/konstantin/autolab/ros2_ws/install/dynamixel_sdk/share/ament_index/resource_index/parent_prefix_path/dynamixel_sdk
[1.275s] -- Installing: /home/konstantin/autolab/ros2_ws/install/dynamixel_sdk/share/dynamixel_sdk/environment/ament_prefix_path.sh
[1.275s] -- Installing: /home/konstantin/autolab/ros2_ws/install/dynamixel_sdk/share/dynamixel_sdk/environment/ament_prefix_path.dsv
[1.275s] -- Installing: /home/konstantin/autolab/ros2_ws/install/dynamixel_sdk/share/dynamixel_sdk/environment/path.sh
[1.276s] -- Installing: /home/konstantin/autolab/ros2_ws/install/dynamixel_sdk/share/dynamixel_sdk/environment/path.dsv
[1.276s] -- Installing: /home/konstantin/autolab/ros2_ws/install/dynamixel_sdk/share/dynamixel_sdk/local_setup.bash
[1.276s] -- Installing: /home/konstantin/autolab/ros2_ws/install/dynamixel_sdk/share/dynamixel_sdk/local_setup.sh
[1.276s] -- Installing: /home/konstantin/autolab/ros2_ws/install/dynamixel_sdk/share/dynamixel_sdk/local_setup.zsh
[1.276s] -- Installing: /home/konstantin/autolab/ros2_ws/install/dynamixel_sdk/share/dynamixel_sdk/local_setup.dsv
[1.276s] -- Installing: /home/konstantin/autolab/ros2_ws/install/dynamixel_sdk/share/dynamixel_sdk/package.dsv
[1.276s] -- Installing: /home/konstantin/autolab/ros2_ws/install/dynamixel_sdk/share/ament_index/resource_index/packages/dynamixel_sdk
[1.276s] -- Installing: /home/konstantin/autolab/ros2_ws/install/dynamixel_sdk/share/dynamixel_sdk/cmake/ament_cmake_export_include_directories-extras.cmake
[1.276s] -- Installing: /home/konstantin/autolab/ros2_ws/install/dynamixel_sdk/share/dynamixel_sdk/cmake/ament_cmake_export_libraries-extras.cmake
[1.276s] -- Installing: /home/konstantin/autolab/ros2_ws/install/dynamixel_sdk/share/dynamixel_sdk/cmake/dynamixel_sdkConfig.cmake
[1.276s] -- Installing: /home/konstantin/autolab/ros2_ws/install/dynamixel_sdk/share/dynamixel_sdk/cmake/dynamixel_sdkConfig-version.cmake
[1.276s] -- Installing: /home/konstantin/autolab/ros2_ws/install/dynamixel_sdk/share/dynamixel_sdk/package.xml
[1.278s] Invoked command in '/home/konstantin/autolab/ros2_ws/build/dynamixel_sdk' returned '0': CMAKE_PREFIX_PATH=/home/konstantin/ros2_ws/install/my_robot_controller:/opt/ros/humble /usr/bin/cmake --install /home/konstantin/autolab/ros2_ws/build/dynamixel_sdk
