[0.010s] Invoking command in '/home/konstantin/ros2_ws/build/dynamixel_sdk': CMAKE_PREFIX_PATH=${CMAKE_PREFIX_PATH}:/home/konstantin/ros2_ws/install/my_robot_controller:/opt/ros/humble /usr/bin/cmake --build /home/konstantin/ros2_ws/build/dynamixel_sdk -- -j8 -l8
[0.047s] [35m[1mConsolidate compiler generated dependencies of target dynamixel_sdk[0m
[0.056s] [  0%] Built target ament_cmake_python_copy_dynamixel_sdk
[0.059s] [100%] Built target dynamixel_sdk
[0.255s] running egg_info
[0.255s] writing dynamixel_sdk.egg-info/PKG-INFO
[0.255s] writing dependency_links to dynamixel_sdk.egg-info/dependency_links.txt
[0.255s] writing top-level names to dynamixel_sdk.egg-info/top_level.txt
[0.257s] reading manifest file 'dynamixel_sdk.egg-info/SOURCES.txt'
[0.258s] writing manifest file 'dynamixel_sdk.egg-info/SOURCES.txt'
[0.290s] [100%] Built target ament_cmake_python_build_dynamixel_sdk_egg
[0.298s] Invoked command in '/home/konstantin/ros2_ws/build/dynamixel_sdk' returned '0': CMAKE_PREFIX_PATH=${CMAKE_PREFIX_PATH}:/home/konstantin/ros2_ws/install/my_robot_controller:/opt/ros/humble /usr/bin/cmake --build /home/konstantin/ros2_ws/build/dynamixel_sdk -- -j8 -l8
[0.308s] Invoking command in '/home/konstantin/ros2_ws/build/dynamixel_sdk': CMAKE_PREFIX_PATH=${CMAKE_PREFIX_PATH}:/home/konstantin/ros2_ws/install/my_robot_controller:/opt/ros/humble /usr/bin/cmake --install /home/konstantin/ros2_ws/build/dynamixel_sdk
[0.315s] -- Install configuration: ""
[0.315s] -- Up-to-date: /home/konstantin/ros2_ws/install/dynamixel_sdk/include/
[0.315s] -- Up-to-date: /home/konstantin/ros2_ws/install/dynamixel_sdk/include//dynamixel_sdk
[0.316s] -- Up-to-date: /home/konstantin/ros2_ws/install/dynamixel_sdk/local/lib/python3.10/dist-packages/dynamixel_sdk-3.8.2-py3.10.egg-info
[0.317s] -- Up-to-date: /home/konstantin/ros2_ws/install/dynamixel_sdk/local/lib/python3.10/dist-packages/dynamixel_sdk
[0.351s] Listing '/home/konstantin/ros2_ws/install/dynamixel_sdk/local/lib/python3.10/dist-packages/dynamixel_sdk'...
[0.357s] -- Installing: /home/konstantin/ros2_ws/install/dynamixel_sdk/share/dynamixel_sdk/package.dsv
[0.359s] Invoked command in '/home/konstantin/ros2_ws/build/dynamixel_sdk' returned '0': CMAKE_PREFIX_PATH=${CMAKE_PREFIX_PATH}:/home/konstantin/ros2_ws/install/my_robot_controller:/opt/ros/humble /usr/bin/cmake --install /home/konstantin/ros2_ws/build/dynamixel_sdk
