[0.010s] Invoking command in '/home/konstantin/ros2_ws/build/dynamixel_sdk': CMAKE_PREFIX_PATH=/home/konstantin/ros2_ws/install/my_robot_controller:/opt/ros/humble /usr/bin/cmake /home/konstantin/ros2_ws/src/DynamixelSDK/ros/dynamixel_sdk -DAMENT_CMAKE_SYMLINK_INSTALL=1 -DCMAKE_INSTALL_PREFIX=/home/konstantin/ros2_ws/install/dynamixel_sdk
[0.017s] -- Found ament_cmake: 1.3.11 (/opt/ros/humble/share/ament_cmake/cmake)
[0.128s] -- Override CMake install command with custom implementation using symlinks instead of copying resources
[0.259s] -- Configuring done
[0.264s] -- Generating done
[0.266s] -- Build files have been written to: /home/konstantin/ros2_ws/build/dynamixel_sdk
[0.268s] Invoked command in '/home/konstantin/ros2_ws/build/dynamixel_sdk' returned '0': CMAKE_PREFIX_PATH=/home/konstantin/ros2_ws/install/my_robot_controller:/opt/ros/humble /usr/bin/cmake /home/konstantin/ros2_ws/src/DynamixelSDK/ros/dynamixel_sdk -DAMENT_CMAKE_SYMLINK_INSTALL=1 -DCMAKE_INSTALL_PREFIX=/home/konstantin/ros2_ws/install/dynamixel_sdk
[0.270s] Invoking command in '/home/konstantin/ros2_ws/build/dynamixel_sdk': CMAKE_PREFIX_PATH=/home/konstantin/ros2_ws/install/my_robot_controller:/opt/ros/humble /usr/bin/cmake --build /home/konstantin/ros2_ws/build/dynamixel_sdk -- -j8 -l8
[0.303s] [35m[1mConsolidate compiler generated dependencies of target dynamixel_sdk[0m
[0.314s] [  0%] Built target ament_cmake_python_symlink_dynamixel_sdk
[0.315s] [100%] Built target dynamixel_sdk
[0.455s] running egg_info
[0.455s] writing dynamixel_sdk.egg-info/PKG-INFO
[0.456s] writing dependency_links to dynamixel_sdk.egg-info/dependency_links.txt
[0.456s] writing top-level names to dynamixel_sdk.egg-info/top_level.txt
[0.457s] reading manifest file 'dynamixel_sdk.egg-info/SOURCES.txt'
[0.457s] writing manifest file 'dynamixel_sdk.egg-info/SOURCES.txt'
[0.477s] [100%] Built target ament_cmake_python_build_dynamixel_sdk_egg
[0.487s] Invoked command in '/home/konstantin/ros2_ws/build/dynamixel_sdk' returned '0': CMAKE_PREFIX_PATH=/home/konstantin/ros2_ws/install/my_robot_controller:/opt/ros/humble /usr/bin/cmake --build /home/konstantin/ros2_ws/build/dynamixel_sdk -- -j8 -l8
[0.496s] Invoking command in '/home/konstantin/ros2_ws/build/dynamixel_sdk': CMAKE_PREFIX_PATH=/home/konstantin/ros2_ws/install/my_robot_controller:/opt/ros/humble /usr/bin/cmake --install /home/konstantin/ros2_ws/build/dynamixel_sdk
[0.503s] -- Install configuration: ""
[0.503s] -- Execute custom install script
[0.504s] -- Up-to-date symlink: /home/konstantin/ros2_ws/install/dynamixel_sdk/include//dynamixel_sdk/dynamixel_sdk.h
[0.504s] -- Up-to-date symlink: /home/konstantin/ros2_ws/install/dynamixel_sdk/include//dynamixel_sdk/group_bulk_read.h
[0.504s] -- Up-to-date symlink: /home/konstantin/ros2_ws/install/dynamixel_sdk/include//dynamixel_sdk/group_bulk_write.h
[0.504s] -- Up-to-date symlink: /home/konstantin/ros2_ws/install/dynamixel_sdk/include//dynamixel_sdk/group_fast_bulk_read.h
[0.504s] -- Up-to-date symlink: /home/konstantin/ros2_ws/install/dynamixel_sdk/include//dynamixel_sdk/group_fast_sync_read.h
[0.504s] -- Up-to-date symlink: /home/konstantin/ros2_ws/install/dynamixel_sdk/include//dynamixel_sdk/group_handler.h
[0.504s] -- Up-to-date symlink: /home/konstantin/ros2_ws/install/dynamixel_sdk/include//dynamixel_sdk/group_sync_read.h
[0.504s] -- Up-to-date symlink: /home/konstantin/ros2_ws/install/dynamixel_sdk/include//dynamixel_sdk/group_sync_write.h
[0.504s] -- Up-to-date symlink: /home/konstantin/ros2_ws/install/dynamixel_sdk/include//dynamixel_sdk/packet_handler.h
[0.504s] -- Up-to-date symlink: /home/konstantin/ros2_ws/install/dynamixel_sdk/include//dynamixel_sdk/port_handler.h
[0.505s] -- Up-to-date symlink: /home/konstantin/ros2_ws/install/dynamixel_sdk/include//dynamixel_sdk/port_handler_arduino.h
[0.505s] -- Up-to-date symlink: /home/konstantin/ros2_ws/install/dynamixel_sdk/include//dynamixel_sdk/port_handler_linux.h
[0.505s] -- Up-to-date symlink: /home/konstantin/ros2_ws/install/dynamixel_sdk/include//dynamixel_sdk/port_handler_mac.h
[0.505s] -- Up-to-date symlink: /home/konstantin/ros2_ws/install/dynamixel_sdk/include//dynamixel_sdk/port_handler_windows.h
[0.505s] -- Up-to-date symlink: /home/konstantin/ros2_ws/install/dynamixel_sdk/include//dynamixel_sdk/protocol1_packet_handler.h
[0.505s] -- Up-to-date symlink: /home/konstantin/ros2_ws/install/dynamixel_sdk/include//dynamixel_sdk/protocol2_packet_handler.h
[0.505s] -- Up-to-date symlink: /home/konstantin/ros2_ws/install/dynamixel_sdk/lib/libdynamixel_sdk.so
[0.505s] -- Up-to-date symlink: /home/konstantin/ros2_ws/install/dynamixel_sdk/share/dynamixel_sdk/environment/pythonpath.sh
[0.505s] -- Up-to-date symlink: /home/konstantin/ros2_ws/install/dynamixel_sdk/share/dynamixel_sdk/environment/pythonpath.dsv
[0.506s] -- Up-to-date symlink: /home/konstantin/ros2_ws/install/dynamixel_sdk/local/lib/python3.10/dist-packages/dynamixel_sdk-3.8.2-py3.10.egg-info/PKG-INFO
[0.506s] -- Up-to-date symlink: /home/konstantin/ros2_ws/install/dynamixel_sdk/local/lib/python3.10/dist-packages/dynamixel_sdk-3.8.2-py3.10.egg-info/SOURCES.txt
[0.506s] -- Up-to-date symlink: /home/konstantin/ros2_ws/install/dynamixel_sdk/local/lib/python3.10/dist-packages/dynamixel_sdk-3.8.2-py3.10.egg-info/dependency_links.txt
[0.506s] -- Up-to-date symlink: /home/konstantin/ros2_ws/install/dynamixel_sdk/local/lib/python3.10/dist-packages/dynamixel_sdk-3.8.2-py3.10.egg-info/top_level.txt
[0.507s] -- Up-to-date symlink: /home/konstantin/ros2_ws/install/dynamixel_sdk/local/lib/python3.10/dist-packages/dynamixel_sdk/__init__.py
[0.507s] -- Up-to-date symlink: /home/konstantin/ros2_ws/install/dynamixel_sdk/local/lib/python3.10/dist-packages/dynamixel_sdk/group_bulk_read.cpp
[0.507s] -- Up-to-date symlink: /home/konstantin/ros2_ws/install/dynamixel_sdk/local/lib/python3.10/dist-packages/dynamixel_sdk/group_bulk_read.py
[0.507s] -- Up-to-date symlink: /home/konstantin/ros2_ws/install/dynamixel_sdk/local/lib/python3.10/dist-packages/dynamixel_sdk/group_bulk_write.cpp
[0.507s] -- Up-to-date symlink: /home/konstantin/ros2_ws/install/dynamixel_sdk/local/lib/python3.10/dist-packages/dynamixel_sdk/group_bulk_write.py
[0.507s] -- Up-to-date symlink: /home/konstantin/ros2_ws/install/dynamixel_sdk/local/lib/python3.10/dist-packages/dynamixel_sdk/group_fast_bulk_read.cpp
[0.507s] -- Up-to-date symlink: /home/konstantin/ros2_ws/install/dynamixel_sdk/local/lib/python3.10/dist-packages/dynamixel_sdk/group_fast_sync_read.cpp
[0.507s] -- Up-to-date symlink: /home/konstantin/ros2_ws/install/dynamixel_sdk/local/lib/python3.10/dist-packages/dynamixel_sdk/group_handler.cpp
[0.507s] -- Up-to-date symlink: /home/konstantin/ros2_ws/install/dynamixel_sdk/local/lib/python3.10/dist-packages/dynamixel_sdk/group_sync_read.cpp
[0.507s] -- Up-to-date symlink: /home/konstantin/ros2_ws/install/dynamixel_sdk/local/lib/python3.10/dist-packages/dynamixel_sdk/group_sync_read.py
[0.508s] -- Up-to-date symlink: /home/konstantin/ros2_ws/install/dynamixel_sdk/local/lib/python3.10/dist-packages/dynamixel_sdk/group_sync_write.cpp
[0.508s] -- Up-to-date symlink: /home/konstantin/ros2_ws/install/dynamixel_sdk/local/lib/python3.10/dist-packages/dynamixel_sdk/group_sync_write.py
[0.508s] -- Up-to-date symlink: /home/konstantin/ros2_ws/install/dynamixel_sdk/local/lib/python3.10/dist-packages/dynamixel_sdk/packet_handler.cpp
[0.508s] -- Up-to-date symlink: /home/konstantin/ros2_ws/install/dynamixel_sdk/local/lib/python3.10/dist-packages/dynamixel_sdk/packet_handler.py
[0.508s] -- Up-to-date symlink: /home/konstantin/ros2_ws/install/dynamixel_sdk/local/lib/python3.10/dist-packages/dynamixel_sdk/port_handler.cpp
[0.508s] -- Up-to-date symlink: /home/konstantin/ros2_ws/install/dynamixel_sdk/local/lib/python3.10/dist-packages/dynamixel_sdk/port_handler.py
[0.508s] -- Up-to-date symlink: /home/konstantin/ros2_ws/install/dynamixel_sdk/local/lib/python3.10/dist-packages/dynamixel_sdk/port_handler_arduino.cpp
[0.508s] -- Up-to-date symlink: /home/konstantin/ros2_ws/install/dynamixel_sdk/local/lib/python3.10/dist-packages/dynamixel_sdk/port_handler_linux.cpp
[0.508s] -- Up-to-date symlink: /home/konstantin/ros2_ws/install/dynamixel_sdk/local/lib/python3.10/dist-packages/dynamixel_sdk/port_handler_mac.cpp
[0.508s] -- Up-to-date symlink: /home/konstantin/ros2_ws/install/dynamixel_sdk/local/lib/python3.10/dist-packages/dynamixel_sdk/port_handler_windows.cpp
[0.508s] -- Up-to-date symlink: /home/konstantin/ros2_ws/install/dynamixel_sdk/local/lib/python3.10/dist-packages/dynamixel_sdk/protocol1_packet_handler.cpp
[0.508s] -- Up-to-date symlink: /home/konstantin/ros2_ws/install/dynamixel_sdk/local/lib/python3.10/dist-packages/dynamixel_sdk/protocol1_packet_handler.py
[0.508s] -- Up-to-date symlink: /home/konstantin/ros2_ws/install/dynamixel_sdk/local/lib/python3.10/dist-packages/dynamixel_sdk/protocol2_packet_handler.cpp
[0.509s] -- Up-to-date symlink: /home/konstantin/ros2_ws/install/dynamixel_sdk/local/lib/python3.10/dist-packages/dynamixel_sdk/protocol2_packet_handler.py
[0.509s] -- Up-to-date symlink: /home/konstantin/ros2_ws/install/dynamixel_sdk/local/lib/python3.10/dist-packages/dynamixel_sdk/robotis_def.py
[0.509s] -- Up-to-date symlink: /home/konstantin/ros2_ws/install/dynamixel_sdk/share/dynamixel_sdk/environment/library_path.sh
[0.509s] -- Up-to-date symlink: /home/konstantin/ros2_ws/install/dynamixel_sdk/share/dynamixel_sdk/environment/library_path.dsv
[0.509s] -- Up-to-date symlink: /home/konstantin/ros2_ws/install/dynamixel_sdk/share/ament_index/resource_index/package_run_dependencies/dynamixel_sdk
[0.509s] -- Up-to-date symlink: /home/konstantin/ros2_ws/install/dynamixel_sdk/share/ament_index/resource_index/parent_prefix_path/dynamixel_sdk
[0.509s] -- Up-to-date symlink: /home/konstantin/ros2_ws/install/dynamixel_sdk/share/dynamixel_sdk/environment/ament_prefix_path.sh
[0.509s] -- Up-to-date symlink: /home/konstantin/ros2_ws/install/dynamixel_sdk/share/dynamixel_sdk/environment/ament_prefix_path.dsv
[0.510s] -- Up-to-date symlink: /home/konstantin/ros2_ws/install/dynamixel_sdk/share/dynamixel_sdk/environment/path.sh
[0.510s] -- Up-to-date symlink: /home/konstantin/ros2_ws/install/dynamixel_sdk/share/dynamixel_sdk/environment/path.dsv
[0.510s] -- Up-to-date symlink: /home/konstantin/ros2_ws/install/dynamixel_sdk/share/dynamixel_sdk/local_setup.bash
[0.510s] -- Up-to-date symlink: /home/konstantin/ros2_ws/install/dynamixel_sdk/share/dynamixel_sdk/local_setup.sh
[0.510s] -- Up-to-date symlink: /home/konstantin/ros2_ws/install/dynamixel_sdk/share/dynamixel_sdk/local_setup.zsh
[0.510s] -- Up-to-date symlink: /home/konstantin/ros2_ws/install/dynamixel_sdk/share/dynamixel_sdk/local_setup.dsv
[0.510s] -- Symlinking: /home/konstantin/ros2_ws/install/dynamixel_sdk/share/dynamixel_sdk/package.dsv
[0.519s] -- Up-to-date symlink: /home/konstantin/ros2_ws/install/dynamixel_sdk/share/ament_index/resource_index/packages/dynamixel_sdk
[0.519s] -- Up-to-date symlink: /home/konstantin/ros2_ws/install/dynamixel_sdk/share/dynamixel_sdk/cmake/ament_cmake_export_include_directories-extras.cmake
[0.519s] -- Up-to-date symlink: /home/konstantin/ros2_ws/install/dynamixel_sdk/share/dynamixel_sdk/cmake/ament_cmake_export_libraries-extras.cmake
[0.519s] -- Up-to-date symlink: /home/konstantin/ros2_ws/install/dynamixel_sdk/share/dynamixel_sdk/cmake/dynamixel_sdkConfig.cmake
[0.519s] -- Up-to-date symlink: /home/konstantin/ros2_ws/install/dynamixel_sdk/share/dynamixel_sdk/cmake/dynamixel_sdkConfig-version.cmake
[0.519s] -- Up-to-date symlink: /home/konstantin/ros2_ws/install/dynamixel_sdk/share/dynamixel_sdk/package.xml
[0.549s] Listing '/home/konstantin/ros2_ws/install/dynamixel_sdk/local/lib/python3.10/dist-packages/dynamixel_sdk'...
[0.554s] Invoked command in '/home/konstantin/ros2_ws/build/dynamixel_sdk' returned '0': CMAKE_PREFIX_PATH=/home/konstantin/ros2_ws/install/my_robot_controller:/opt/ros/humble /usr/bin/cmake --install /home/konstantin/ros2_ws/build/dynamixel_sdk
