[0.010s] Invoking command in '/home/konstantin/ros2_ws/build/dynamixel_sdk': CMAKE_PREFIX_PATH=${CMAKE_PREFIX_PATH}:/home/konstantin/ros2_ws/install/my_robot_controller:/opt/ros/humble /usr/bin/cmake /home/konstantin/ros2_ws/src/DynamixelSDK/ros/dynamixel_sdk -DAMENT_CMAKE_SYMLINK_INSTALL=1 -DCMAKE_INSTALL_PREFIX=/home/konstantin/ros2_ws/install/dynamixel_sdk
[0.058s] -- The C compiler identification is GNU 11.4.0
[0.097s] -- The CXX compiler identification is GNU 11.4.0
[0.104s] -- Detecting C compiler ABI info
[0.159s] -- Detecting C compiler ABI info - done
[0.163s] -- Check for working C compiler: /usr/bin/cc - skipped
[0.163s] -- Detecting C compile features
[0.163s] -- Detecting C compile features - done
[0.165s] -- Detecting CXX compiler ABI info
[0.226s] -- Detecting CXX compiler ABI info - done
[0.233s] -- Check for working CXX compiler: /usr/bin/c++ - skipped
[0.233s] -- Detecting CXX compile features
[0.233s] -- Detecting CXX compile features - done
[0.235s] -- Found ament_cmake: 1.3.11 (/opt/ros/humble/share/ament_cmake/cmake)
[0.342s] -- Found Python3: /usr/bin/python3 (found version "3.10.12") found components: Interpreter 
[0.395s] -- Override CMake install command with custom implementation using symlinks instead of copying resources
[0.535s] -- Configuring done
[0.538s] -- Generating done
[0.539s] -- Build files have been written to: /home/konstantin/ros2_ws/build/dynamixel_sdk
[0.542s] Invoked command in '/home/konstantin/ros2_ws/build/dynamixel_sdk' returned '0': CMAKE_PREFIX_PATH=${CMAKE_PREFIX_PATH}:/home/konstantin/ros2_ws/install/my_robot_controller:/opt/ros/humble /usr/bin/cmake /home/konstantin/ros2_ws/src/DynamixelSDK/ros/dynamixel_sdk -DAMENT_CMAKE_SYMLINK_INSTALL=1 -DCMAKE_INSTALL_PREFIX=/home/konstantin/ros2_ws/install/dynamixel_sdk
[0.544s] Invoking command in '/home/konstantin/ros2_ws/build/dynamixel_sdk': CMAKE_PREFIX_PATH=${CMAKE_PREFIX_PATH}:/home/konstantin/ros2_ws/install/my_robot_controller:/opt/ros/humble /usr/bin/cmake --build /home/konstantin/ros2_ws/build/dynamixel_sdk -- -j8 -l8
[0.588s] [ 23%] [32mBuilding CXX object CMakeFiles/dynamixel_sdk.dir/src/dynamixel_sdk/packet_handler.cpp.o[0m
[0.588s] [ 23%] [32mBuilding CXX object CMakeFiles/dynamixel_sdk.dir/src/dynamixel_sdk/protocol1_packet_handler.cpp.o[0m
[0.588s] [ 23%] [32mBuilding CXX object CMakeFiles/dynamixel_sdk.dir/src/dynamixel_sdk/group_sync_read.cpp.o[0m
[0.590s] [ 30%] [32mBuilding CXX object CMakeFiles/dynamixel_sdk.dir/src/dynamixel_sdk/protocol2_packet_handler.cpp.o[0m
[0.591s] [ 38%] [32mBuilding CXX object CMakeFiles/dynamixel_sdk.dir/src/dynamixel_sdk/group_bulk_write.cpp.o[0m
[0.594s] [ 46%] [32mBuilding CXX object CMakeFiles/dynamixel_sdk.dir/src/dynamixel_sdk/group_sync_write.cpp.o[0m
[0.597s] [ 53%] [32mBuilding CXX object CMakeFiles/dynamixel_sdk.dir/src/dynamixel_sdk/group_bulk_read.cpp.o[0m
[0.597s] [ 53%] Built target ament_cmake_python_symlink_dynamixel_sdk
[0.700s] [ 61%] [32mBuilding CXX object CMakeFiles/dynamixel_sdk.dir/src/dynamixel_sdk/group_fast_bulk_read.cpp.o[0m
[0.882s] [01m[K/home/konstantin/ros2_ws/src/DynamixelSDK/ros/dynamixel_sdk/src/dynamixel_sdk/group_sync_read.cpp:[m[K In member function ‘[01m[Kbool dynamixel::GroupSyncRead::getError(uint8_t, uint8_t*)[m[K’:
[0.882s] [01m[K/home/konstantin/ros2_ws/src/DynamixelSDK/ros/dynamixel_sdk/src/dynamixel_sdk/group_sync_read.cpp:201:19:[m[K [01;35m[Kwarning: [m[Ksuggest parentheses around assignment used as truth value [[01;35m[K]8;;https://gcc.gnu.org/onlinedocs/gcc/Warning-Options.html#index-Wparentheses-Wparentheses]8;;[m[K]
[0.882s]   201 |   return [01;35m[Kerror[0] = error_list_[id][0][m[K;
[0.882s]       |          [01;35m[K~~~~~~~~~^~~~~~~~~~~~~~~~~~~~[m[K
[0.887s] [ 69%] [32mBuilding CXX object CMakeFiles/dynamixel_sdk.dir/src/dynamixel_sdk/group_fast_sync_read.cpp.o[0m
[0.899s] running egg_info
[0.900s] creating dynamixel_sdk.egg-info
[0.900s] writing dynamixel_sdk.egg-info/PKG-INFO
[0.901s] writing dependency_links to dynamixel_sdk.egg-info/dependency_links.txt
[0.901s] writing top-level names to dynamixel_sdk.egg-info/top_level.txt
[0.901s] writing manifest file 'dynamixel_sdk.egg-info/SOURCES.txt'
[0.908s] reading manifest file 'dynamixel_sdk.egg-info/SOURCES.txt'
[0.908s] writing manifest file 'dynamixel_sdk.egg-info/SOURCES.txt'
[0.924s] [01m[K/home/konstantin/ros2_ws/src/DynamixelSDK/ros/dynamixel_sdk/src/dynamixel_sdk/group_bulk_read.cpp:[m[K In member function ‘[01m[Kbool dynamixel::GroupBulkRead::getError(uint8_t, uint8_t*)[m[K’:
[0.924s] [01m[K/home/konstantin/ros2_ws/src/DynamixelSDK/ros/dynamixel_sdk/src/dynamixel_sdk/group_bulk_read.cpp:232:19:[m[K [01;35m[Kwarning: [m[Ksuggest parentheses around assignment used as truth value [[01;35m[K]8;;https://gcc.gnu.org/onlinedocs/gcc/Warning-Options.html#index-Wparentheses-Wparentheses]8;;[m[K]
[0.924s]   232 |   return [01;35m[Kerror[0] = error_list_[id][0][m[K;
[0.924s]       |          [01;35m[K~~~~~~~~~^~~~~~~~~~~~~~~~~~~~[m[K
[0.950s] [ 69%] Built target ament_cmake_python_build_dynamixel_sdk_egg
[0.961s] [ 76%] [32mBuilding CXX object CMakeFiles/dynamixel_sdk.dir/src/dynamixel_sdk/group_handler.cpp.o[0m
[0.984s] [ 84%] [32mBuilding CXX object CMakeFiles/dynamixel_sdk.dir/src/dynamixel_sdk/port_handler.cpp.o[0m
[1.034s] [ 92%] [32mBuilding CXX object CMakeFiles/dynamixel_sdk.dir/src/dynamixel_sdk/port_handler_linux.cpp.o[0m
[1.210s] [100%] [32m[1mLinking CXX shared library libdynamixel_sdk.so[0m
[1.272s] [100%] Built target dynamixel_sdk
[1.282s] Invoked command in '/home/konstantin/ros2_ws/build/dynamixel_sdk' returned '0': CMAKE_PREFIX_PATH=${CMAKE_PREFIX_PATH}:/home/konstantin/ros2_ws/install/my_robot_controller:/opt/ros/humble /usr/bin/cmake --build /home/konstantin/ros2_ws/build/dynamixel_sdk -- -j8 -l8
[1.289s] Invoking command in '/home/konstantin/ros2_ws/build/dynamixel_sdk': CMAKE_PREFIX_PATH=${CMAKE_PREFIX_PATH}:/home/konstantin/ros2_ws/install/my_robot_controller:/opt/ros/humble /usr/bin/cmake --install /home/konstantin/ros2_ws/build/dynamixel_sdk
[1.296s] -- Install configuration: ""
[1.296s] -- Execute custom install script
[1.297s] -- Symlinking: /home/konstantin/ros2_ws/install/dynamixel_sdk/include//dynamixel_sdk/dynamixel_sdk.h
[1.302s] -- Symlinking: /home/konstantin/ros2_ws/install/dynamixel_sdk/include//dynamixel_sdk/group_bulk_read.h
[1.308s] -- Symlinking: /home/konstantin/ros2_ws/install/dynamixel_sdk/include//dynamixel_sdk/group_bulk_write.h
[1.313s] -- Symlinking: /home/konstantin/ros2_ws/install/dynamixel_sdk/include//dynamixel_sdk/group_fast_bulk_read.h
[1.321s] -- Symlinking: /home/konstantin/ros2_ws/install/dynamixel_sdk/include//dynamixel_sdk/group_fast_sync_read.h
[1.326s] -- Symlinking: /home/konstantin/ros2_ws/install/dynamixel_sdk/include//dynamixel_sdk/group_handler.h
[1.335s] -- Symlinking: /home/konstantin/ros2_ws/install/dynamixel_sdk/include//dynamixel_sdk/group_sync_read.h
[1.342s] -- Symlinking: /home/konstantin/ros2_ws/install/dynamixel_sdk/include//dynamixel_sdk/group_sync_write.h
[1.348s] -- Symlinking: /home/konstantin/ros2_ws/install/dynamixel_sdk/include//dynamixel_sdk/packet_handler.h
[1.354s] -- Symlinking: /home/konstantin/ros2_ws/install/dynamixel_sdk/include//dynamixel_sdk/port_handler.h
[1.359s] -- Symlinking: /home/konstantin/ros2_ws/install/dynamixel_sdk/include//dynamixel_sdk/port_handler_arduino.h
[1.368s] -- Symlinking: /home/konstantin/ros2_ws/install/dynamixel_sdk/include//dynamixel_sdk/port_handler_linux.h
[1.376s] -- Symlinking: /home/konstantin/ros2_ws/install/dynamixel_sdk/include//dynamixel_sdk/port_handler_mac.h
[1.384s] -- Symlinking: /home/konstantin/ros2_ws/install/dynamixel_sdk/include//dynamixel_sdk/port_handler_windows.h
[1.393s] -- Symlinking: /home/konstantin/ros2_ws/install/dynamixel_sdk/include//dynamixel_sdk/protocol1_packet_handler.h
[1.401s] -- Symlinking: /home/konstantin/ros2_ws/install/dynamixel_sdk/include//dynamixel_sdk/protocol2_packet_handler.h
[1.409s] -- Symlinking: /home/konstantin/ros2_ws/install/dynamixel_sdk/lib/libdynamixel_sdk.so
[1.417s] -- Symlinking: /home/konstantin/ros2_ws/install/dynamixel_sdk/share/dynamixel_sdk/environment/pythonpath.sh
[1.425s] -- Symlinking: /home/konstantin/ros2_ws/install/dynamixel_sdk/share/dynamixel_sdk/environment/pythonpath.dsv
[1.434s] -- Symlinking: /home/konstantin/ros2_ws/install/dynamixel_sdk/local/lib/python3.10/dist-packages/dynamixel_sdk-3.8.2-py3.10.egg-info/PKG-INFO
[1.442s] -- Symlinking: /home/konstantin/ros2_ws/install/dynamixel_sdk/local/lib/python3.10/dist-packages/dynamixel_sdk-3.8.2-py3.10.egg-info/SOURCES.txt
[1.450s] -- Symlinking: /home/konstantin/ros2_ws/install/dynamixel_sdk/local/lib/python3.10/dist-packages/dynamixel_sdk-3.8.2-py3.10.egg-info/dependency_links.txt
[1.458s] -- Symlinking: /home/konstantin/ros2_ws/install/dynamixel_sdk/local/lib/python3.10/dist-packages/dynamixel_sdk-3.8.2-py3.10.egg-info/top_level.txt
[1.467s] -- Symlinking: /home/konstantin/ros2_ws/install/dynamixel_sdk/local/lib/python3.10/dist-packages/dynamixel_sdk/__init__.py
[1.475s] -- Symlinking: /home/konstantin/ros2_ws/install/dynamixel_sdk/local/lib/python3.10/dist-packages/dynamixel_sdk/group_bulk_read.cpp
[1.483s] -- Symlinking: /home/konstantin/ros2_ws/install/dynamixel_sdk/local/lib/python3.10/dist-packages/dynamixel_sdk/group_bulk_read.py
[1.493s] -- Symlinking: /home/konstantin/ros2_ws/install/dynamixel_sdk/local/lib/python3.10/dist-packages/dynamixel_sdk/group_bulk_write.cpp
[1.500s] -- Symlinking: /home/konstantin/ros2_ws/install/dynamixel_sdk/local/lib/python3.10/dist-packages/dynamixel_sdk/group_bulk_write.py
[1.507s] -- Symlinking: /home/konstantin/ros2_ws/install/dynamixel_sdk/local/lib/python3.10/dist-packages/dynamixel_sdk/group_fast_bulk_read.cpp
[1.515s] -- Symlinking: /home/konstantin/ros2_ws/install/dynamixel_sdk/local/lib/python3.10/dist-packages/dynamixel_sdk/group_fast_sync_read.cpp
[1.521s] -- Symlinking: /home/konstantin/ros2_ws/install/dynamixel_sdk/local/lib/python3.10/dist-packages/dynamixel_sdk/group_handler.cpp
[1.526s] -- Symlinking: /home/konstantin/ros2_ws/install/dynamixel_sdk/local/lib/python3.10/dist-packages/dynamixel_sdk/group_sync_read.cpp
[1.532s] -- Symlinking: /home/konstantin/ros2_ws/install/dynamixel_sdk/local/lib/python3.10/dist-packages/dynamixel_sdk/group_sync_read.py
[1.537s] -- Symlinking: /home/konstantin/ros2_ws/install/dynamixel_sdk/local/lib/python3.10/dist-packages/dynamixel_sdk/group_sync_write.cpp
[1.543s] -- Symlinking: /home/konstantin/ros2_ws/install/dynamixel_sdk/local/lib/python3.10/dist-packages/dynamixel_sdk/group_sync_write.py
[1.549s] -- Symlinking: /home/konstantin/ros2_ws/install/dynamixel_sdk/local/lib/python3.10/dist-packages/dynamixel_sdk/packet_handler.cpp
[1.554s] -- Symlinking: /home/konstantin/ros2_ws/install/dynamixel_sdk/local/lib/python3.10/dist-packages/dynamixel_sdk/packet_handler.py
[1.562s] -- Symlinking: /home/konstantin/ros2_ws/install/dynamixel_sdk/local/lib/python3.10/dist-packages/dynamixel_sdk/port_handler.cpp
[1.568s] -- Symlinking: /home/konstantin/ros2_ws/install/dynamixel_sdk/local/lib/python3.10/dist-packages/dynamixel_sdk/port_handler.py
[1.573s] -- Symlinking: /home/konstantin/ros2_ws/install/dynamixel_sdk/local/lib/python3.10/dist-packages/dynamixel_sdk/port_handler_arduino.cpp
[1.579s] -- Symlinking: /home/konstantin/ros2_ws/install/dynamixel_sdk/local/lib/python3.10/dist-packages/dynamixel_sdk/port_handler_linux.cpp
[1.587s] -- Symlinking: /home/konstantin/ros2_ws/install/dynamixel_sdk/local/lib/python3.10/dist-packages/dynamixel_sdk/port_handler_mac.cpp
[1.595s] -- Symlinking: /home/konstantin/ros2_ws/install/dynamixel_sdk/local/lib/python3.10/dist-packages/dynamixel_sdk/port_handler_windows.cpp
[1.604s] -- Symlinking: /home/konstantin/ros2_ws/install/dynamixel_sdk/local/lib/python3.10/dist-packages/dynamixel_sdk/protocol1_packet_handler.cpp
[1.610s] -- Symlinking: /home/konstantin/ros2_ws/install/dynamixel_sdk/local/lib/python3.10/dist-packages/dynamixel_sdk/protocol1_packet_handler.py
[1.617s] -- Symlinking: /home/konstantin/ros2_ws/install/dynamixel_sdk/local/lib/python3.10/dist-packages/dynamixel_sdk/protocol2_packet_handler.cpp
[1.628s] -- Symlinking: /home/konstantin/ros2_ws/install/dynamixel_sdk/local/lib/python3.10/dist-packages/dynamixel_sdk/protocol2_packet_handler.py
[1.632s] -- Symlinking: /home/konstantin/ros2_ws/install/dynamixel_sdk/local/lib/python3.10/dist-packages/dynamixel_sdk/robotis_def.py
[1.639s] -- Symlinking: /home/konstantin/ros2_ws/install/dynamixel_sdk/share/dynamixel_sdk/environment/library_path.sh
[1.644s] -- Symlinking: /home/konstantin/ros2_ws/install/dynamixel_sdk/share/dynamixel_sdk/environment/library_path.dsv
[1.651s] -- Symlinking: /home/konstantin/ros2_ws/install/dynamixel_sdk/share/ament_index/resource_index/package_run_dependencies/dynamixel_sdk
[1.660s] -- Symlinking: /home/konstantin/ros2_ws/install/dynamixel_sdk/share/ament_index/resource_index/parent_prefix_path/dynamixel_sdk
[1.670s] -- Symlinking: /home/konstantin/ros2_ws/install/dynamixel_sdk/share/dynamixel_sdk/environment/ament_prefix_path.sh
[1.679s] -- Symlinking: /home/konstantin/ros2_ws/install/dynamixel_sdk/share/dynamixel_sdk/environment/ament_prefix_path.dsv
[1.689s] -- Symlinking: /home/konstantin/ros2_ws/install/dynamixel_sdk/share/dynamixel_sdk/environment/path.sh
[1.697s] -- Symlinking: /home/konstantin/ros2_ws/install/dynamixel_sdk/share/dynamixel_sdk/environment/path.dsv
[1.706s] -- Symlinking: /home/konstantin/ros2_ws/install/dynamixel_sdk/share/dynamixel_sdk/local_setup.bash
[1.716s] -- Symlinking: /home/konstantin/ros2_ws/install/dynamixel_sdk/share/dynamixel_sdk/local_setup.sh
[1.725s] -- Symlinking: /home/konstantin/ros2_ws/install/dynamixel_sdk/share/dynamixel_sdk/local_setup.zsh
[1.734s] -- Symlinking: /home/konstantin/ros2_ws/install/dynamixel_sdk/share/dynamixel_sdk/local_setup.dsv
[1.742s] -- Symlinking: /home/konstantin/ros2_ws/install/dynamixel_sdk/share/dynamixel_sdk/package.dsv
[1.752s] -- Symlinking: /home/konstantin/ros2_ws/install/dynamixel_sdk/share/ament_index/resource_index/packages/dynamixel_sdk
[1.761s] -- Symlinking: /home/konstantin/ros2_ws/install/dynamixel_sdk/share/dynamixel_sdk/cmake/ament_cmake_export_include_directories-extras.cmake
[1.770s] -- Symlinking: /home/konstantin/ros2_ws/install/dynamixel_sdk/share/dynamixel_sdk/cmake/ament_cmake_export_libraries-extras.cmake
[1.780s] -- Symlinking: /home/konstantin/ros2_ws/install/dynamixel_sdk/share/dynamixel_sdk/cmake/dynamixel_sdkConfig.cmake
[1.789s] -- Symlinking: /home/konstantin/ros2_ws/install/dynamixel_sdk/share/dynamixel_sdk/cmake/dynamixel_sdkConfig-version.cmake
[1.795s] -- Symlinking: /home/konstantin/ros2_ws/install/dynamixel_sdk/share/dynamixel_sdk/package.xml
[1.840s] Listing '/home/konstantin/ros2_ws/install/dynamixel_sdk/local/lib/python3.10/dist-packages/dynamixel_sdk'...
[1.841s] Compiling '/home/konstantin/ros2_ws/install/dynamixel_sdk/local/lib/python3.10/dist-packages/dynamixel_sdk/__init__.py'...
[1.841s] Compiling '/home/konstantin/ros2_ws/install/dynamixel_sdk/local/lib/python3.10/dist-packages/dynamixel_sdk/group_bulk_read.py'...
[1.841s] Compiling '/home/konstantin/ros2_ws/install/dynamixel_sdk/local/lib/python3.10/dist-packages/dynamixel_sdk/group_bulk_write.py'...
[1.841s] Compiling '/home/konstantin/ros2_ws/install/dynamixel_sdk/local/lib/python3.10/dist-packages/dynamixel_sdk/group_sync_read.py'...
[1.841s] Compiling '/home/konstantin/ros2_ws/install/dynamixel_sdk/local/lib/python3.10/dist-packages/dynamixel_sdk/group_sync_write.py'...
[1.841s] Compiling '/home/konstantin/ros2_ws/install/dynamixel_sdk/local/lib/python3.10/dist-packages/dynamixel_sdk/packet_handler.py'...
[1.841s] Compiling '/home/konstantin/ros2_ws/install/dynamixel_sdk/local/lib/python3.10/dist-packages/dynamixel_sdk/port_handler.py'...
[1.841s] Compiling '/home/konstantin/ros2_ws/install/dynamixel_sdk/local/lib/python3.10/dist-packages/dynamixel_sdk/protocol1_packet_handler.py'...
[1.841s] Compiling '/home/konstantin/ros2_ws/install/dynamixel_sdk/local/lib/python3.10/dist-packages/dynamixel_sdk/protocol2_packet_handler.py'...
[1.841s] Compiling '/home/konstantin/ros2_ws/install/dynamixel_sdk/local/lib/python3.10/dist-packages/dynamixel_sdk/robotis_def.py'...
[1.849s] Invoked command in '/home/konstantin/ros2_ws/build/dynamixel_sdk' returned '0': CMAKE_PREFIX_PATH=${CMAKE_PREFIX_PATH}:/home/konstantin/ros2_ws/install/my_robot_controller:/opt/ros/humble /usr/bin/cmake --install /home/konstantin/ros2_ws/build/dynamixel_sdk
