[0.336s] Invoking command in '/home/konstantin/ros2_ws/src/my_robot_controller': PYTHONPATH=/home/konstantin/ros2_ws/build/my_robot_controller/prefix_override:/usr/lib/python3/dist-packages/colcon_core/task/python/colcon_distutils_commands:/home/konstantin/ros2_ws/install/my_robot_controller/lib/python3.10/site-packages:${PYTHONPATH} /usr/bin/python3 -W ignore:setup.py install is deprecated -W ignore:easy_install command is deprecated setup.py egg_info --egg-base ../../build/my_robot_controller build --build-base /home/konstantin/ros2_ws/build/my_robot_controller/build install --record /home/konstantin/ros2_ws/build/my_robot_controller/install.log --single-version-externally-managed install_data
[0.460s] running egg_info
[0.461s] creating ../../build/my_robot_controller/my_robot_controller.egg-info
[0.461s] writing ../../build/my_robot_controller/my_robot_controller.egg-info/PKG-INFO
[0.461s] writing dependency_links to ../../build/my_robot_controller/my_robot_controller.egg-info/dependency_links.txt
[0.461s] writing entry points to ../../build/my_robot_controller/my_robot_controller.egg-info/entry_points.txt
[0.461s] writing requirements to ../../build/my_robot_controller/my_robot_controller.egg-info/requires.txt
[0.461s] writing top-level names to ../../build/my_robot_controller/my_robot_controller.egg-info/top_level.txt
[0.461s] writing manifest file '../../build/my_robot_controller/my_robot_controller.egg-info/SOURCES.txt'
[0.462s] reading manifest file '../../build/my_robot_controller/my_robot_controller.egg-info/SOURCES.txt'
[0.462s] writing manifest file '../../build/my_robot_controller/my_robot_controller.egg-info/SOURCES.txt'
[0.462s] running build
[0.462s] running build_py
[0.462s] creating /home/konstantin/ros2_ws/build/my_robot_controller/build
[0.462s] creating /home/konstantin/ros2_ws/build/my_robot_controller/build/lib
[0.462s] creating /home/konstantin/ros2_ws/build/my_robot_controller/build/lib/my_robot_controller
[0.462s] copying my_robot_controller/navigation.py -> /home/konstantin/ros2_ws/build/my_robot_controller/build/lib/my_robot_controller
[0.463s] copying my_robot_controller/__init__.py -> /home/konstantin/ros2_ws/build/my_robot_controller/build/lib/my_robot_controller
[0.463s] copying my_robot_controller/mapping.py -> /home/konstantin/ros2_ws/build/my_robot_controller/build/lib/my_robot_controller
[0.463s] running install
[0.463s] running install_lib
[0.463s] creating /home/konstantin/ros2_ws/install/my_robot_controller/lib/python3.10/site-packages/my_robot_controller
[0.463s] copying /home/konstantin/ros2_ws/build/my_robot_controller/build/lib/my_robot_controller/navigation.py -> /home/konstantin/ros2_ws/install/my_robot_controller/lib/python3.10/site-packages/my_robot_controller
[0.463s] copying /home/konstantin/ros2_ws/build/my_robot_controller/build/lib/my_robot_controller/__init__.py -> /home/konstantin/ros2_ws/install/my_robot_controller/lib/python3.10/site-packages/my_robot_controller
[0.463s] copying /home/konstantin/ros2_ws/build/my_robot_controller/build/lib/my_robot_controller/mapping.py -> /home/konstantin/ros2_ws/install/my_robot_controller/lib/python3.10/site-packages/my_robot_controller
[0.463s] byte-compiling /home/konstantin/ros2_ws/install/my_robot_controller/lib/python3.10/site-packages/my_robot_controller/navigation.py to navigation.cpython-310.pyc
[0.464s] byte-compiling /home/konstantin/ros2_ws/install/my_robot_controller/lib/python3.10/site-packages/my_robot_controller/__init__.py to __init__.cpython-310.pyc
[0.464s] byte-compiling /home/konstantin/ros2_ws/install/my_robot_controller/lib/python3.10/site-packages/my_robot_controller/mapping.py to mapping.cpython-310.pyc
[0.464s] running install_data
[0.464s] creating /home/konstantin/ros2_ws/install/my_robot_controller/share/ament_index
[0.464s] creating /home/konstantin/ros2_ws/install/my_robot_controller/share/ament_index/resource_index
[0.464s] creating /home/konstantin/ros2_ws/install/my_robot_controller/share/ament_index/resource_index/packages
[0.464s] copying resource/my_robot_controller -> /home/konstantin/ros2_ws/install/my_robot_controller/share/ament_index/resource_index/packages
[0.465s] copying package.xml -> /home/konstantin/ros2_ws/install/my_robot_controller/share/my_robot_controller
[0.465s] creating /home/konstantin/ros2_ws/install/my_robot_controller/share/my_robot_controller/maps
[0.465s] copying maps/map.pgm -> /home/konstantin/ros2_ws/install/my_robot_controller/share/my_robot_controller/maps
[0.465s] copying maps/map.yaml -> /home/konstantin/ros2_ws/install/my_robot_controller/share/my_robot_controller/maps
[0.465s] creating /home/konstantin/ros2_ws/install/my_robot_controller/share/my_robot_controller/launch
[0.465s] copying launch/navigation2.launch.py -> /home/konstantin/ros2_ws/install/my_robot_controller/share/my_robot_controller/launch
[0.465s] copying launch/turtlebot3_world.launch.py -> /home/konstantin/ros2_ws/install/my_robot_controller/share/my_robot_controller/launch
[0.465s] copying launch/start_mapping.launch.py -> /home/konstantin/ros2_ws/install/my_robot_controller/share/my_robot_controller/launch
[0.465s] copying launch/run_navigation.launch.py -> /home/konstantin/ros2_ws/install/my_robot_controller/share/my_robot_controller/launch
[0.465s] creating /home/konstantin/ros2_ws/install/my_robot_controller/share/my_robot_controller/worlds
[0.465s] copying worlds/homework_world.world -> /home/konstantin/ros2_ws/install/my_robot_controller/share/my_robot_controller/worlds
[0.465s] running install_egg_info
[0.466s] Copying ../../build/my_robot_controller/my_robot_controller.egg-info to /home/konstantin/ros2_ws/install/my_robot_controller/lib/python3.10/site-packages/my_robot_controller-0.0.0-py3.10.egg-info
[0.466s] running install_scripts
[0.478s] Installing mapping script to /home/konstantin/ros2_ws/install/my_robot_controller/lib/my_robot_controller
[0.478s] Installing navigation script to /home/konstantin/ros2_ws/install/my_robot_controller/lib/my_robot_controller
[0.478s] writing list of installed files to '/home/konstantin/ros2_ws/build/my_robot_controller/install.log'
[0.493s] Invoked command in '/home/konstantin/ros2_ws/src/my_robot_controller' returned '0': PYTHONPATH=/home/konstantin/ros2_ws/build/my_robot_controller/prefix_override:/usr/lib/python3/dist-packages/colcon_core/task/python/colcon_distutils_commands:/home/konstantin/ros2_ws/install/my_robot_controller/lib/python3.10/site-packages:${PYTHONPATH} /usr/bin/python3 -W ignore:setup.py install is deprecated -W ignore:easy_install command is deprecated setup.py egg_info --egg-base ../../build/my_robot_controller build --build-base /home/konstantin/ros2_ws/build/my_robot_controller/build install --record /home/konstantin/ros2_ws/build/my_robot_controller/install.log --single-version-externally-managed install_data
