[0.642s] Invoking command in '/ros2_ws/src/my_robot_controller': PYTHONPATH=/ros2_ws/build/my_robot_controller/prefix_override:/ros2_ws/install/my_robot_controller/lib/python3.10/site-packages:${PYTHONPATH} /usr/bin/python3 setup.py egg_info --egg-base ../../build/my_robot_controller build --build-base /ros2_ws/build/my_robot_controller/build install --record /ros2_ws/build/my_robot_controller/install.log --single-version-externally-managed
[0.838s] running egg_info
[0.839s] creating ../../build/my_robot_controller/my_robot_controller.egg-info
[0.839s] writing ../../build/my_robot_controller/my_robot_controller.egg-info/PKG-INFO
[0.839s] writing dependency_links to ../../build/my_robot_controller/my_robot_controller.egg-info/dependency_links.txt
[0.839s] writing entry points to ../../build/my_robot_controller/my_robot_controller.egg-info/entry_points.txt
[0.839s] writing requirements to ../../build/my_robot_controller/my_robot_controller.egg-info/requires.txt
[0.839s] writing top-level names to ../../build/my_robot_controller/my_robot_controller.egg-info/top_level.txt
[0.839s] writing manifest file '../../build/my_robot_controller/my_robot_controller.egg-info/SOURCES.txt'
[0.840s] reading manifest file '../../build/my_robot_controller/my_robot_controller.egg-info/SOURCES.txt'
[0.841s] writing manifest file '../../build/my_robot_controller/my_robot_controller.egg-info/SOURCES.txt'
[0.841s] running build
[0.841s] running build_py
[0.841s] creating /ros2_ws/build/my_robot_controller/build
[0.841s] creating /ros2_ws/build/my_robot_controller/build/lib
[0.841s] creating /ros2_ws/build/my_robot_controller/build/lib/my_robot_controller
[0.841s] copying my_robot_controller/navigation.py -> /ros2_ws/build/my_robot_controller/build/lib/my_robot_controller
[0.841s] copying my_robot_controller/__init__.py -> /ros2_ws/build/my_robot_controller/build/lib/my_robot_controller
[0.841s] copying my_robot_controller/aw_navigation.py -> /ros2_ws/build/my_robot_controller/build/lib/my_robot_controller
[0.842s] copying my_robot_controller/mapping.py -> /ros2_ws/build/my_robot_controller/build/lib/my_robot_controller
[0.842s] running install
[0.842s] running install_lib
[0.842s] /usr/lib/python3/dist-packages/setuptools/command/install.py:34: SetuptoolsDeprecationWarning: setup.py install is deprecated. Use build and pip and other standards-based tools.
[0.842s]   warnings.warn(
[0.842s] creating /ros2_ws/install/my_robot_controller/lib/python3.10/site-packages/my_robot_controller
[0.842s] copying /ros2_ws/build/my_robot_controller/build/lib/my_robot_controller/navigation.py -> /ros2_ws/install/my_robot_controller/lib/python3.10/site-packages/my_robot_controller
[0.842s] copying /ros2_ws/build/my_robot_controller/build/lib/my_robot_controller/__init__.py -> /ros2_ws/install/my_robot_controller/lib/python3.10/site-packages/my_robot_controller
[0.842s] copying /ros2_ws/build/my_robot_controller/build/lib/my_robot_controller/aw_navigation.py -> /ros2_ws/install/my_robot_controller/lib/python3.10/site-packages/my_robot_controller
[0.842s] copying /ros2_ws/build/my_robot_controller/build/lib/my_robot_controller/mapping.py -> /ros2_ws/install/my_robot_controller/lib/python3.10/site-packages/my_robot_controller
[0.842s] byte-compiling /ros2_ws/install/my_robot_controller/lib/python3.10/site-packages/my_robot_controller/navigation.py to navigation.cpython-310.pyc
[0.843s] byte-compiling /ros2_ws/install/my_robot_controller/lib/python3.10/site-packages/my_robot_controller/__init__.py to __init__.cpython-310.pyc
[0.843s] byte-compiling /ros2_ws/install/my_robot_controller/lib/python3.10/site-packages/my_robot_controller/aw_navigation.py to aw_navigation.cpython-310.pyc
[0.843s] byte-compiling /ros2_ws/install/my_robot_controller/lib/python3.10/site-packages/my_robot_controller/mapping.py to mapping.cpython-310.pyc
[0.844s] running install_data
[0.844s] creating /ros2_ws/install/my_robot_controller/share/ament_index
[0.844s] creating /ros2_ws/install/my_robot_controller/share/ament_index/resource_index
[0.844s] creating /ros2_ws/install/my_robot_controller/share/ament_index/resource_index/packages
[0.844s] copying resource/my_robot_controller -> /ros2_ws/install/my_robot_controller/share/ament_index/resource_index/packages
[0.844s] copying package.xml -> /ros2_ws/install/my_robot_controller/share/my_robot_controller
[0.844s] creating /ros2_ws/install/my_robot_controller/share/my_robot_controller/maps
[0.844s] copying maps/map.pgm -> /ros2_ws/install/my_robot_controller/share/my_robot_controller/maps
[0.845s] copying maps/map.yaml -> /ros2_ws/install/my_robot_controller/share/my_robot_controller/maps
[0.845s] creating /ros2_ws/install/my_robot_controller/share/my_robot_controller/launch
[0.845s] copying launch/navigation2.launch.py -> /ros2_ws/install/my_robot_controller/share/my_robot_controller/launch
[0.845s] copying launch/turtlebot3_world.launch.py -> /ros2_ws/install/my_robot_controller/share/my_robot_controller/launch
[0.845s] copying launch/start_mapping.launch.py -> /ros2_ws/install/my_robot_controller/share/my_robot_controller/launch
[0.845s] copying launch/car_nav.launch.py -> /ros2_ws/install/my_robot_controller/share/my_robot_controller/launch
[0.845s] copying launch/run_navigation.launch.py -> /ros2_ws/install/my_robot_controller/share/my_robot_controller/launch
[0.845s] creating /ros2_ws/install/my_robot_controller/share/my_robot_controller/worlds
[0.845s] copying worlds/homework_world.world -> /ros2_ws/install/my_robot_controller/share/my_robot_controller/worlds
[0.845s] running install_egg_info
[0.846s] Copying ../../build/my_robot_controller/my_robot_controller.egg-info to /ros2_ws/install/my_robot_controller/lib/python3.10/site-packages/my_robot_controller-0.0.0-py3.10.egg-info
[0.846s] running install_scripts
[0.863s] Installing av_nav script to /ros2_ws/install/my_robot_controller/lib/my_robot_controller
[0.863s] Installing mapping script to /ros2_ws/install/my_robot_controller/lib/my_robot_controller
[0.863s] Installing navigation script to /ros2_ws/install/my_robot_controller/lib/my_robot_controller
[0.863s] writing list of installed files to '/ros2_ws/build/my_robot_controller/install.log'
[0.879s] Invoked command in '/ros2_ws/src/my_robot_controller' returned '0': PYTHONPATH=/ros2_ws/build/my_robot_controller/prefix_override:/ros2_ws/install/my_robot_controller/lib/python3.10/site-packages:${PYTHONPATH} /usr/bin/python3 setup.py egg_info --egg-base ../../build/my_robot_controller build --build-base /ros2_ws/build/my_robot_controller/build install --record /ros2_ws/build/my_robot_controller/install.log --single-version-externally-managed
