-- The C compiler identification is GNU 11.4.0
-- The CXX compiler identification is GNU 11.4.0
-- Detecting C compiler ABI info
-- Detecting C compiler ABI info - done
-- Check for working C compiler: /usr/bin/cc - skipped
-- Detecting C compile features
-- Detecting C compile features - done
-- Detecting CXX compiler ABI info
-- Detecting CXX compiler ABI info - done
-- Check for working CXX compiler: /usr/bin/c++ - skipped
-- Detecting CXX compile features
-- Detecting CXX compile features - done
-- Found ament_cmake: 1.3.11 (/opt/ros/humble/share/ament_cmake/cmake)
-- Found Python3: /usr/bin/python3 (found version "3.10.12") found components: Interpreter 
-- Configuring done
-- Generating done
-- Build files have been written to: /home/konstantin/ros2_ws/build/dynamixel_sdk
[  7%] [32mBuilding CXX object CMakeFiles/dynamixel_sdk.dir/src/dynamixel_sdk/protocol2_packet_handler.cpp.o[0m
[ 15%] [32mBuilding CXX object CMakeFiles/dynamixel_sdk.dir/src/dynamixel_sdk/group_bulk_read.cpp.o[0m
[ 23%] [32mBuilding CXX object CMakeFiles/dynamixel_sdk.dir/src/dynamixel_sdk/group_sync_write.cpp.o[0m
[ 30%] [32mBuilding CXX object CMakeFiles/dynamixel_sdk.dir/src/dynamixel_sdk/group_bulk_write.cpp.o[0m
[ 38%] [32mBuilding CXX object CMakeFiles/dynamixel_sdk.dir/src/dynamixel_sdk/protocol1_packet_handler.cpp.o[0m
[ 46%] [32mBuilding CXX object CMakeFiles/dynamixel_sdk.dir/src/dynamixel_sdk/packet_handler.cpp.o[0m
[ 53%] [32mBuilding CXX object CMakeFiles/dynamixel_sdk.dir/src/dynamixel_sdk/group_sync_read.cpp.o[0m
[ 53%] Built target ament_cmake_python_copy_dynamixel_sdk
[ 61%] [32mBuilding CXX object CMakeFiles/dynamixel_sdk.dir/src/dynamixel_sdk/group_fast_bulk_read.cpp.o[0m
[ 69%] [32mBuilding CXX object CMakeFiles/dynamixel_sdk.dir/src/dynamixel_sdk/group_fast_sync_read.cpp.o[0m
[ 76%] [32mBuilding CXX object CMakeFiles/dynamixel_sdk.dir/src/dynamixel_sdk/group_handler.cpp.o[0m
[01m[K/home/konstantin/ros2_ws/src/DynamixelSDK/ros/dynamixel_sdk/src/dynamixel_sdk/group_sync_read.cpp:[m[K In member function ‘[01m[Kbool dynamixel::GroupSyncRead::getError(uint8_t, uint8_t*)[m[K’:
[01m[K/home/konstantin/ros2_ws/src/DynamixelSDK/ros/dynamixel_sdk/src/dynamixel_sdk/group_sync_read.cpp:201:19:[m[K [01;35m[Kwarning: [m[Ksuggest parentheses around assignment used as truth value [[01;35m[K]8;;https://gcc.gnu.org/onlinedocs/gcc/Warning-Options.html#index-Wparentheses-Wparentheses]8;;[m[K]
  201 |   return [01;35m[Kerror[0] = error_list_[id][0][m[K;
      |          [01;35m[K~~~~~~~~~^~~~~~~~~~~~~~~~~~~~[m[K
[01m[K/home/konstantin/ros2_ws/src/DynamixelSDK/ros/dynamixel_sdk/src/dynamixel_sdk/group_bulk_read.cpp:[m[K In member function ‘[01m[Kbool dynamixel::GroupBulkRead::getError(uint8_t, uint8_t*)[m[K’:
[01m[K/home/konstantin/ros2_ws/src/DynamixelSDK/ros/dynamixel_sdk/src/dynamixel_sdk/group_bulk_read.cpp:232:19:[m[K [01;35m[Kwarning: [m[Ksuggest parentheses around assignment used as truth value [[01;35m[K]8;;https://gcc.gnu.org/onlinedocs/gcc/Warning-Options.html#index-Wparentheses-Wparentheses]8;;[m[K]
  232 |   return [01;35m[Kerror[0] = error_list_[id][0][m[K;
      |          [01;35m[K~~~~~~~~~^~~~~~~~~~~~~~~~~~~~[m[K
[ 84%] [32mBuilding CXX object CMakeFiles/dynamixel_sdk.dir/src/dynamixel_sdk/port_handler.cpp.o[0m
[ 92%] [32mBuilding CXX object CMakeFiles/dynamixel_sdk.dir/src/dynamixel_sdk/port_handler_linux.cpp.o[0m
running egg_info
creating dynamixel_sdk.egg-info
writing dynamixel_sdk.egg-info/PKG-INFO
writing dependency_links to dynamixel_sdk.egg-info/dependency_links.txt
writing top-level names to dynamixel_sdk.egg-info/top_level.txt
writing manifest file 'dynamixel_sdk.egg-info/SOURCES.txt'
reading manifest file 'dynamixel_sdk.egg-info/SOURCES.txt'
writing manifest file 'dynamixel_sdk.egg-info/SOURCES.txt'
[100%] [32m[1mLinking CXX shared library libdynamixel_sdk.so[0m
[100%] Built target ament_cmake_python_build_dynamixel_sdk_egg
[100%] Built target dynamixel_sdk
