[0.010s] Invoking command in '/home/konstantin/ros2_ws/build/dynamixel_sdk_custom_interfaces': CMAKE_PREFIX_PATH=/home/konstantin/ros2_ws/install/my_robot_controller:/opt/ros/humble /usr/bin/cmake /home/konstantin/ros2_ws/src/DynamixelSDK/ros/dynamixel_sdk_custom_interfaces -DCMAKE_INSTALL_PREFIX=/home/konstantin/ros2_ws/install/dynamixel_sdk_custom_interfaces
[0.020s] -- Found ament_cmake: 1.3.11 (/opt/ros/humble/share/ament_cmake/cmake)
[0.106s] -- Override CMake install command with custom implementation using symlinks instead of copying resources
[0.112s] -- Found builtin_interfaces: 1.2.1 (/opt/ros/humble/share/builtin_interfaces/cmake)
[0.128s] -- Found rosidl_generator_c: 3.1.6 (/opt/ros/humble/share/rosidl_generator_c/cmake)
[0.129s] -- Found rosidl_adapter: 3.1.6 (/opt/ros/humble/share/rosidl_adapter/cmake)
[0.133s] -- Found rosidl_generator_cpp: 3.1.6 (/opt/ros/humble/share/rosidl_generator_cpp/cmake)
[0.139s] -- Using all available rosidl_typesupport_c: rosidl_typesupport_fastrtps_c;rosidl_typesupport_introspection_c
[0.150s] -- Using all available rosidl_typesupport_cpp: rosidl_typesupport_fastrtps_cpp;rosidl_typesupport_introspection_cpp
[0.160s] -- Found rosidl_default_generators: 1.2.0 (/opt/ros/humble/share/rosidl_default_generators/cmake)
[0.337s] -- Found ament_cmake_ros: 0.10.0 (/opt/ros/humble/share/ament_cmake_ros/cmake)
[0.539s] -- Using all available rosidl_typesupport_c: rosidl_typesupport_fastrtps_c;rosidl_typesupport_introspection_c
[0.617s] -- Using all available rosidl_typesupport_cpp: rosidl_typesupport_fastrtps_cpp;rosidl_typesupport_introspection_cpp
[0.632s] -- Found python_cmake_module: 0.10.0 (/opt/ros/humble/share/python_cmake_module/cmake)
[0.645s] -- Using PYTHON_EXECUTABLE: /usr/bin/python3
[0.645s] -- Using PYTHON_INCLUDE_DIRS: /usr/include/python3.10
[0.645s] -- Using PYTHON_LIBRARIES: /usr/lib/x86_64-linux-gnu/libpython3.10.so
[0.656s] -- Configuring done
[0.670s] -- Generating done
[0.675s] -- Build files have been written to: /home/konstantin/ros2_ws/build/dynamixel_sdk_custom_interfaces
