[0.008s] Invoking command in '/home/konstantin/ros2_ws/build/dynamixel_sdk_examples': AMENT_PREFIX_PATH=/home/konstantin/ros2_ws/install/dynamixel_sdk_custom_interfaces:/home/konstantin/ros2_ws/install/dynamixel_sdk:${AMENT_PREFIX_PATH} CMAKE_PREFIX_PATH=/home/konstantin/ros2_ws/install/dynamixel_sdk_custom_interfaces:/home/konstantin/ros2_ws/install/dynamixel_sdk:/home/konstantin/ros2_ws/install/my_robot_controller:/opt/ros/humble LD_LIBRARY_PATH=/home/konstantin/ros2_ws/install/dynamixel_sdk_custom_interfaces/lib:/home/konstantin/ros2_ws/install/dynamixel_sdk/lib:/usr/lib/x86_64-linux-gnu/gazebo-11/plugins:/opt/ros/humble/opt/rviz_ogre_vendor/lib:/opt/ros/humble/lib/x86_64-linux-gnu:/opt/ros/humble/lib:/usr/lib/x86_64-linux-gnu/gazebo-11/plugins PYTHONPATH=/home/konstantin/ros2_ws/install/dynamixel_sdk_custom_interfaces/local/lib/python3.10/dist-packages:/home/konstantin/ros2_ws/install/dynamixel_sdk/local/lib/python3.10/dist-packages:${PYTHONPATH} /usr/bin/cmake /home/konstantin/ros2_ws/src/DynamixelSDK/ros/dynamixel_sdk_examples -DAMENT_CMAKE_SYMLINK_INSTALL=1 -DCMAKE_INSTALL_PREFIX=/home/konstantin/ros2_ws/install/dynamixel_sdk_examples
[0.016s] -- Found ament_cmake: 1.3.11 (/opt/ros/humble/share/ament_cmake/cmake)
[0.093s] -- Override CMake install command with custom implementation using symlinks instead of copying resources
[0.097s] -- Found dynamixel_sdk: 3.8.2 (/home/konstantin/ros2_ws/install/dynamixel_sdk/share/dynamixel_sdk/cmake)
[0.097s] -- Found dynamixel_sdk_custom_interfaces: 3.8.2 (/home/konstantin/ros2_ws/install/dynamixel_sdk_custom_interfaces/share/dynamixel_sdk_custom_interfaces/cmake)
[0.110s] -- Found rosidl_generator_c: 3.1.6 (/opt/ros/humble/share/rosidl_generator_c/cmake)
[0.111s] -- Found rosidl_adapter: 3.1.6 (/opt/ros/humble/share/rosidl_adapter/cmake)
[0.114s] -- Found rosidl_generator_cpp: 3.1.6 (/opt/ros/humble/share/rosidl_generator_cpp/cmake)
[0.120s] -- Using all available rosidl_typesupport_c: rosidl_typesupport_fastrtps_c;rosidl_typesupport_introspection_c
[0.126s] -- Using all available rosidl_typesupport_cpp: rosidl_typesupport_fastrtps_cpp;rosidl_typesupport_introspection_cpp
[0.138s] -- Found rclcpp: 16.0.12 (/opt/ros/humble/share/rclcpp/cmake)
[0.152s] -- Found rmw_implementation_cmake: 6.1.2 (/opt/ros/humble/share/rmw_implementation_cmake/cmake)
[0.153s] -- Found rmw_fastrtps_cpp: 6.2.7 (/opt/ros/humble/share/rmw_fastrtps_cpp/cmake)
[0.213s] -- Using RMW implementation 'rmw_fastrtps_cpp' as default
[0.240s] -- Found rclpy: 3.3.16 (/opt/ros/humble/share/rclpy/cmake)
[0.240s] -- Found ament_lint_auto: 0.12.12 (/opt/ros/humble/share/ament_lint_auto/cmake)
[0.281s] -- Added test 'copyright' to check source files copyright and LICENSE
[0.281s] -- Added test 'cppcheck' to perform static code analysis on C / C++ code
[0.281s] -- Configured cppcheck include dirs: /home/konstantin/ros2_ws/src/DynamixelSDK/ros/dynamixel_sdk_examples/include
[0.281s] -- Configured cppcheck exclude dirs and/or files: 
[0.282s] -- Added test 'cpplint' to check C / C++ code against the Google style
[0.282s] -- Configured cpplint exclude dirs and/or files: 
[0.282s] -- Added test 'flake8' to check Python code syntax and style conventions
[0.282s] -- Added test 'lint_cmake' to check CMake code style
[0.282s] -- Added test 'pep257' to check Python code against some of the docstring style conventions in PEP 257
[0.282s] -- Added test 'uncrustify' to check C / C++ code style
[0.283s] -- Configured uncrustify additional arguments: 
[0.283s] -- Added test 'xmllint' to check XML markup files
[0.283s] -- Configuring done
[0.288s] -- Generating done
[0.289s] -- Build files have been written to: /home/konstantin/ros2_ws/build/dynamixel_sdk_examples
[0.295s] Invoked command in '/home/konstantin/ros2_ws/build/dynamixel_sdk_examples' returned '0': AMENT_PREFIX_PATH=/home/konstantin/ros2_ws/install/dynamixel_sdk_custom_interfaces:/home/konstantin/ros2_ws/install/dynamixel_sdk:${AMENT_PREFIX_PATH} CMAKE_PREFIX_PATH=/home/konstantin/ros2_ws/install/dynamixel_sdk_custom_interfaces:/home/konstantin/ros2_ws/install/dynamixel_sdk:/home/konstantin/ros2_ws/install/my_robot_controller:/opt/ros/humble LD_LIBRARY_PATH=/home/konstantin/ros2_ws/install/dynamixel_sdk_custom_interfaces/lib:/home/konstantin/ros2_ws/install/dynamixel_sdk/lib:/usr/lib/x86_64-linux-gnu/gazebo-11/plugins:/opt/ros/humble/opt/rviz_ogre_vendor/lib:/opt/ros/humble/lib/x86_64-linux-gnu:/opt/ros/humble/lib:/usr/lib/x86_64-linux-gnu/gazebo-11/plugins PYTHONPATH=/home/konstantin/ros2_ws/install/dynamixel_sdk_custom_interfaces/local/lib/python3.10/dist-packages:/home/konstantin/ros2_ws/install/dynamixel_sdk/local/lib/python3.10/dist-packages:${PYTHONPATH} /usr/bin/cmake /home/konstantin/ros2_ws/src/DynamixelSDK/ros/dynamixel_sdk_examples -DAMENT_CMAKE_SYMLINK_INSTALL=1 -DCMAKE_INSTALL_PREFIX=/home/konstantin/ros2_ws/install/dynamixel_sdk_examples
[0.295s] Invoking command in '/home/konstantin/ros2_ws/build/dynamixel_sdk_examples': AMENT_PREFIX_PATH=/home/konstantin/ros2_ws/install/dynamixel_sdk_custom_interfaces:/home/konstantin/ros2_ws/install/dynamixel_sdk:${AMENT_PREFIX_PATH} CMAKE_PREFIX_PATH=/home/konstantin/ros2_ws/install/dynamixel_sdk_custom_interfaces:/home/konstantin/ros2_ws/install/dynamixel_sdk:/home/konstantin/ros2_ws/install/my_robot_controller:/opt/ros/humble LD_LIBRARY_PATH=/home/konstantin/ros2_ws/install/dynamixel_sdk_custom_interfaces/lib:/home/konstantin/ros2_ws/install/dynamixel_sdk/lib:/usr/lib/x86_64-linux-gnu/gazebo-11/plugins:/opt/ros/humble/opt/rviz_ogre_vendor/lib:/opt/ros/humble/lib/x86_64-linux-gnu:/opt/ros/humble/lib:/usr/lib/x86_64-linux-gnu/gazebo-11/plugins PYTHONPATH=/home/konstantin/ros2_ws/install/dynamixel_sdk_custom_interfaces/local/lib/python3.10/dist-packages:/home/konstantin/ros2_ws/install/dynamixel_sdk/local/lib/python3.10/dist-packages:${PYTHONPATH} /usr/bin/cmake --build /home/konstantin/ros2_ws/build/dynamixel_sdk_examples -- -j8 -l8
[0.320s] [35m[1mConsolidate compiler generated dependencies of target read_write_node[0m
[0.332s] [100%] Built target read_write_node
[0.341s] Invoked command in '/home/konstantin/ros2_ws/build/dynamixel_sdk_examples' returned '0': AMENT_PREFIX_PATH=/home/konstantin/ros2_ws/install/dynamixel_sdk_custom_interfaces:/home/konstantin/ros2_ws/install/dynamixel_sdk:${AMENT_PREFIX_PATH} CMAKE_PREFIX_PATH=/home/konstantin/ros2_ws/install/dynamixel_sdk_custom_interfaces:/home/konstantin/ros2_ws/install/dynamixel_sdk:/home/konstantin/ros2_ws/install/my_robot_controller:/opt/ros/humble LD_LIBRARY_PATH=/home/konstantin/ros2_ws/install/dynamixel_sdk_custom_interfaces/lib:/home/konstantin/ros2_ws/install/dynamixel_sdk/lib:/usr/lib/x86_64-linux-gnu/gazebo-11/plugins:/opt/ros/humble/opt/rviz_ogre_vendor/lib:/opt/ros/humble/lib/x86_64-linux-gnu:/opt/ros/humble/lib:/usr/lib/x86_64-linux-gnu/gazebo-11/plugins PYTHONPATH=/home/konstantin/ros2_ws/install/dynamixel_sdk_custom_interfaces/local/lib/python3.10/dist-packages:/home/konstantin/ros2_ws/install/dynamixel_sdk/local/lib/python3.10/dist-packages:${PYTHONPATH} /usr/bin/cmake --build /home/konstantin/ros2_ws/build/dynamixel_sdk_examples -- -j8 -l8
[0.343s] Invoking command in '/home/konstantin/ros2_ws/build/dynamixel_sdk_examples': AMENT_PREFIX_PATH=/home/konstantin/ros2_ws/install/dynamixel_sdk_custom_interfaces:/home/konstantin/ros2_ws/install/dynamixel_sdk:${AMENT_PREFIX_PATH} CMAKE_PREFIX_PATH=/home/konstantin/ros2_ws/install/dynamixel_sdk_custom_interfaces:/home/konstantin/ros2_ws/install/dynamixel_sdk:/home/konstantin/ros2_ws/install/my_robot_controller:/opt/ros/humble LD_LIBRARY_PATH=/home/konstantin/ros2_ws/install/dynamixel_sdk_custom_interfaces/lib:/home/konstantin/ros2_ws/install/dynamixel_sdk/lib:/usr/lib/x86_64-linux-gnu/gazebo-11/plugins:/opt/ros/humble/opt/rviz_ogre_vendor/lib:/opt/ros/humble/lib/x86_64-linux-gnu:/opt/ros/humble/lib:/usr/lib/x86_64-linux-gnu/gazebo-11/plugins PYTHONPATH=/home/konstantin/ros2_ws/install/dynamixel_sdk_custom_interfaces/local/lib/python3.10/dist-packages:/home/konstantin/ros2_ws/install/dynamixel_sdk/local/lib/python3.10/dist-packages:${PYTHONPATH} /usr/bin/cmake --install /home/konstantin/ros2_ws/build/dynamixel_sdk_examples
[0.349s] -- Install configuration: ""
[0.350s] -- Execute custom install script
[0.350s] -- Up-to-date symlink: /home/konstantin/ros2_ws/install/dynamixel_sdk_examples/lib/dynamixel_sdk_examples/read_write_node
[0.350s] -- Up-to-date symlink: /home/konstantin/ros2_ws/install/dynamixel_sdk_examples/lib/dynamixel_sdk_examples/read_write_node.py
[0.350s] -- Up-to-date symlink: /home/konstantin/ros2_ws/install/dynamixel_sdk_examples/share/ament_index/resource_index/package_run_dependencies/dynamixel_sdk_examples
[0.350s] -- Up-to-date symlink: /home/konstantin/ros2_ws/install/dynamixel_sdk_examples/share/ament_index/resource_index/parent_prefix_path/dynamixel_sdk_examples
[0.350s] -- Up-to-date symlink: /home/konstantin/ros2_ws/install/dynamixel_sdk_examples/share/dynamixel_sdk_examples/environment/ament_prefix_path.sh
[0.350s] -- Up-to-date symlink: /home/konstantin/ros2_ws/install/dynamixel_sdk_examples/share/dynamixel_sdk_examples/environment/ament_prefix_path.dsv
[0.350s] -- Up-to-date symlink: /home/konstantin/ros2_ws/install/dynamixel_sdk_examples/share/dynamixel_sdk_examples/environment/path.sh
[0.350s] -- Up-to-date symlink: /home/konstantin/ros2_ws/install/dynamixel_sdk_examples/share/dynamixel_sdk_examples/environment/path.dsv
[0.350s] -- Up-to-date symlink: /home/konstantin/ros2_ws/install/dynamixel_sdk_examples/share/dynamixel_sdk_examples/local_setup.bash
[0.350s] -- Up-to-date symlink: /home/konstantin/ros2_ws/install/dynamixel_sdk_examples/share/dynamixel_sdk_examples/local_setup.sh
[0.350s] -- Up-to-date symlink: /home/konstantin/ros2_ws/install/dynamixel_sdk_examples/share/dynamixel_sdk_examples/local_setup.zsh
[0.350s] -- Up-to-date symlink: /home/konstantin/ros2_ws/install/dynamixel_sdk_examples/share/dynamixel_sdk_examples/local_setup.dsv
[0.350s] -- Symlinking: /home/konstantin/ros2_ws/install/dynamixel_sdk_examples/share/dynamixel_sdk_examples/package.dsv
[0.356s] -- Up-to-date symlink: /home/konstantin/ros2_ws/install/dynamixel_sdk_examples/share/ament_index/resource_index/packages/dynamixel_sdk_examples
[0.356s] -- Up-to-date symlink: /home/konstantin/ros2_ws/install/dynamixel_sdk_examples/share/dynamixel_sdk_examples/cmake/dynamixel_sdk_examplesConfig.cmake
[0.356s] -- Up-to-date symlink: /home/konstantin/ros2_ws/install/dynamixel_sdk_examples/share/dynamixel_sdk_examples/cmake/dynamixel_sdk_examplesConfig-version.cmake
[0.356s] -- Up-to-date symlink: /home/konstantin/ros2_ws/install/dynamixel_sdk_examples/share/dynamixel_sdk_examples/package.xml
[0.357s] Invoked command in '/home/konstantin/ros2_ws/build/dynamixel_sdk_examples' returned '0': AMENT_PREFIX_PATH=/home/konstantin/ros2_ws/install/dynamixel_sdk_custom_interfaces:/home/konstantin/ros2_ws/install/dynamixel_sdk:${AMENT_PREFIX_PATH} CMAKE_PREFIX_PATH=/home/konstantin/ros2_ws/install/dynamixel_sdk_custom_interfaces:/home/konstantin/ros2_ws/install/dynamixel_sdk:/home/konstantin/ros2_ws/install/my_robot_controller:/opt/ros/humble LD_LIBRARY_PATH=/home/konstantin/ros2_ws/install/dynamixel_sdk_custom_interfaces/lib:/home/konstantin/ros2_ws/install/dynamixel_sdk/lib:/usr/lib/x86_64-linux-gnu/gazebo-11/plugins:/opt/ros/humble/opt/rviz_ogre_vendor/lib:/opt/ros/humble/lib/x86_64-linux-gnu:/opt/ros/humble/lib:/usr/lib/x86_64-linux-gnu/gazebo-11/plugins PYTHONPATH=/home/konstantin/ros2_ws/install/dynamixel_sdk_custom_interfaces/local/lib/python3.10/dist-packages:/home/konstantin/ros2_ws/install/dynamixel_sdk/local/lib/python3.10/dist-packages:${PYTHONPATH} /usr/bin/cmake --install /home/konstantin/ros2_ws/build/dynamixel_sdk_examples
