running egg_info
creating ../../build/my_robot_controller/my_robot_controller.egg-info
writing ../../build/my_robot_controller/my_robot_controller.egg-info/PKG-INFO
writing dependency_links to ../../build/my_robot_controller/my_robot_controller.egg-info/dependency_links.txt
writing entry points to ../../build/my_robot_controller/my_robot_controller.egg-info/entry_points.txt
writing requirements to ../../build/my_robot_controller/my_robot_controller.egg-info/requires.txt
writing top-level names to ../../build/my_robot_controller/my_robot_controller.egg-info/top_level.txt
writing manifest file '../../build/my_robot_controller/my_robot_controller.egg-info/SOURCES.txt'
reading manifest file '../../build/my_robot_controller/my_robot_controller.egg-info/SOURCES.txt'
writing manifest file '../../build/my_robot_controller/my_robot_controller.egg-info/SOURCES.txt'
running build
running build_py
creating /ros2_ws/build/my_robot_controller/build
creating /ros2_ws/build/my_robot_controller/build/lib
creating /ros2_ws/build/my_robot_controller/build/lib/my_robot_controller
copying my_robot_controller/navigation.py -> /ros2_ws/build/my_robot_controller/build/lib/my_robot_controller
copying my_robot_controller/__init__.py -> /ros2_ws/build/my_robot_controller/build/lib/my_robot_controller
copying my_robot_controller/aw_navigation.py -> /ros2_ws/build/my_robot_controller/build/lib/my_robot_controller
copying my_robot_controller/mapping.py -> /ros2_ws/build/my_robot_controller/build/lib/my_robot_controller
running install
/usr/lib/python3/dist-packages/setuptools/command/install.py:34: SetuptoolsDeprecationWarning: setup.py install is deprecated. Use build and pip and other standards-based tools.
  warnings.warn(
running install_lib
creating /ros2_ws/install/my_robot_controller/lib/python3.10/site-packages/my_robot_controller
copying /ros2_ws/build/my_robot_controller/build/lib/my_robot_controller/navigation.py -> /ros2_ws/install/my_robot_controller/lib/python3.10/site-packages/my_robot_controller
copying /ros2_ws/build/my_robot_controller/build/lib/my_robot_controller/__init__.py -> /ros2_ws/install/my_robot_controller/lib/python3.10/site-packages/my_robot_controller
copying /ros2_ws/build/my_robot_controller/build/lib/my_robot_controller/aw_navigation.py -> /ros2_ws/install/my_robot_controller/lib/python3.10/site-packages/my_robot_controller
copying /ros2_ws/build/my_robot_controller/build/lib/my_robot_controller/mapping.py -> /ros2_ws/install/my_robot_controller/lib/python3.10/site-packages/my_robot_controller
byte-compiling /ros2_ws/install/my_robot_controller/lib/python3.10/site-packages/my_robot_controller/navigation.py to navigation.cpython-310.pyc
byte-compiling /ros2_ws/install/my_robot_controller/lib/python3.10/site-packages/my_robot_controller/__init__.py to __init__.cpython-310.pyc
byte-compiling /ros2_ws/install/my_robot_controller/lib/python3.10/site-packages/my_robot_controller/aw_navigation.py to aw_navigation.cpython-310.pyc
byte-compiling /ros2_ws/install/my_robot_controller/lib/python3.10/site-packages/my_robot_controller/mapping.py to mapping.cpython-310.pyc
running install_data
creating /ros2_ws/install/my_robot_controller/share/ament_index
creating /ros2_ws/install/my_robot_controller/share/ament_index/resource_index
creating /ros2_ws/install/my_robot_controller/share/ament_index/resource_index/packages
copying resource/my_robot_controller -> /ros2_ws/install/my_robot_controller/share/ament_index/resource_index/packages
copying package.xml -> /ros2_ws/install/my_robot_controller/share/my_robot_controller
creating /ros2_ws/install/my_robot_controller/share/my_robot_controller/maps
copying maps/map.pgm -> /ros2_ws/install/my_robot_controller/share/my_robot_controller/maps
copying maps/map.yaml -> /ros2_ws/install/my_robot_controller/share/my_robot_controller/maps
creating /ros2_ws/install/my_robot_controller/share/my_robot_controller/launch
copying launch/navigation2.launch.py -> /ros2_ws/install/my_robot_controller/share/my_robot_controller/launch
copying launch/turtlebot3_world.launch.py -> /ros2_ws/install/my_robot_controller/share/my_robot_controller/launch
copying launch/start_mapping.launch.py -> /ros2_ws/install/my_robot_controller/share/my_robot_controller/launch
copying launch/car_nav.launch.py -> /ros2_ws/install/my_robot_controller/share/my_robot_controller/launch
copying launch/run_navigation.launch.py -> /ros2_ws/install/my_robot_controller/share/my_robot_controller/launch
creating /ros2_ws/install/my_robot_controller/share/my_robot_controller/worlds
copying worlds/homework_world.world -> /ros2_ws/install/my_robot_controller/share/my_robot_controller/worlds
running install_egg_info
Copying ../../build/my_robot_controller/my_robot_controller.egg-info to /ros2_ws/install/my_robot_controller/lib/python3.10/site-packages/my_robot_controller-0.0.0-py3.10.egg-info
running install_scripts
Installing mapping script to /ros2_ws/install/my_robot_controller/lib/my_robot_controller
Installing navigation script to /ros2_ws/install/my_robot_controller/lib/my_robot_controller
writing list of installed files to '/ros2_ws/build/my_robot_controller/install.log'
