[0.332s] Invoking command in '/home/konstantin/autolab/ros2_ws/src/my_robot_controller': PYTHONPATH=/home/konstantin/autolab/ros2_ws/build/my_robot_controller/prefix_override:/usr/lib/python3/dist-packages/colcon_core/task/python/colcon_distutils_commands:/home/konstantin/autolab/ros2_ws/install/my_robot_controller/lib/python3.10/site-packages:${PYTHONPATH} /usr/bin/python3 -W ignore:setup.py install is deprecated -W ignore:easy_install command is deprecated setup.py egg_info --egg-base ../../build/my_robot_controller build --build-base /home/konstantin/autolab/ros2_ws/build/my_robot_controller/build install --record /home/konstantin/autolab/ros2_ws/build/my_robot_controller/install.log --single-version-externally-managed install_data
[0.453s] running egg_info
[0.453s] creating ../../build/my_robot_controller/my_robot_controller.egg-info
[0.453s] writing ../../build/my_robot_controller/my_robot_controller.egg-info/PKG-INFO
[0.454s] writing dependency_links to ../../build/my_robot_controller/my_robot_controller.egg-info/dependency_links.txt
[0.454s] writing entry points to ../../build/my_robot_controller/my_robot_controller.egg-info/entry_points.txt
[0.454s] writing requirements to ../../build/my_robot_controller/my_robot_controller.egg-info/requires.txt
[0.454s] writing top-level names to ../../build/my_robot_controller/my_robot_controller.egg-info/top_level.txt
[0.454s] writing manifest file '../../build/my_robot_controller/my_robot_controller.egg-info/SOURCES.txt'
[0.455s] reading manifest file '../../build/my_robot_controller/my_robot_controller.egg-info/SOURCES.txt'
[0.455s] writing manifest file '../../build/my_robot_controller/my_robot_controller.egg-info/SOURCES.txt'
[0.455s] running build
[0.455s] running build_py
[0.455s] creating /home/konstantin/autolab/ros2_ws/build/my_robot_controller/build
[0.455s] creating /home/konstantin/autolab/ros2_ws/build/my_robot_controller/build/lib
[0.455s] creating /home/konstantin/autolab/ros2_ws/build/my_robot_controller/build/lib/my_robot_controller
[0.456s] copying my_robot_controller/navigation.py -> /home/konstantin/autolab/ros2_ws/build/my_robot_controller/build/lib/my_robot_controller
[0.456s] copying my_robot_controller/__init__.py -> /home/konstantin/autolab/ros2_ws/build/my_robot_controller/build/lib/my_robot_controller
[0.456s] copying my_robot_controller/mapping.py -> /home/konstantin/autolab/ros2_ws/build/my_robot_controller/build/lib/my_robot_controller
[0.456s] running install
[0.456s] running install_lib
[0.456s] creating /home/konstantin/autolab/ros2_ws/install/my_robot_controller/lib/python3.10/site-packages/my_robot_controller
[0.456s] copying /home/konstantin/autolab/ros2_ws/build/my_robot_controller/build/lib/my_robot_controller/navigation.py -> /home/konstantin/autolab/ros2_ws/install/my_robot_controller/lib/python3.10/site-packages/my_robot_controller
[0.456s] copying /home/konstantin/autolab/ros2_ws/build/my_robot_controller/build/lib/my_robot_controller/__init__.py -> /home/konstantin/autolab/ros2_ws/install/my_robot_controller/lib/python3.10/site-packages/my_robot_controller
[0.456s] copying /home/konstantin/autolab/ros2_ws/build/my_robot_controller/build/lib/my_robot_controller/mapping.py -> /home/konstantin/autolab/ros2_ws/install/my_robot_controller/lib/python3.10/site-packages/my_robot_controller
[0.457s] byte-compiling /home/konstantin/autolab/ros2_ws/install/my_robot_controller/lib/python3.10/site-packages/my_robot_controller/navigation.py to navigation.cpython-310.pyc
[0.457s] byte-compiling /home/konstantin/autolab/ros2_ws/install/my_robot_controller/lib/python3.10/site-packages/my_robot_controller/__init__.py to __init__.cpython-310.pyc
[0.457s] byte-compiling /home/konstantin/autolab/ros2_ws/install/my_robot_controller/lib/python3.10/site-packages/my_robot_controller/mapping.py to mapping.cpython-310.pyc
[0.458s] running install_data
[0.458s] creating /home/konstantin/autolab/ros2_ws/install/my_robot_controller/share/ament_index
[0.458s] creating /home/konstantin/autolab/ros2_ws/install/my_robot_controller/share/ament_index/resource_index
[0.458s] creating /home/konstantin/autolab/ros2_ws/install/my_robot_controller/share/ament_index/resource_index/packages
[0.458s] copying resource/my_robot_controller -> /home/konstantin/autolab/ros2_ws/install/my_robot_controller/share/ament_index/resource_index/packages
[0.458s] copying package.xml -> /home/konstantin/autolab/ros2_ws/install/my_robot_controller/share/my_robot_controller
[0.458s] creating /home/konstantin/autolab/ros2_ws/install/my_robot_controller/share/my_robot_controller/maps
[0.458s] copying maps/map.pgm -> /home/konstantin/autolab/ros2_ws/install/my_robot_controller/share/my_robot_controller/maps
[0.458s] copying maps/map.yaml -> /home/konstantin/autolab/ros2_ws/install/my_robot_controller/share/my_robot_controller/maps
[0.458s] creating /home/konstantin/autolab/ros2_ws/install/my_robot_controller/share/my_robot_controller/launch
[0.458s] copying launch/navigation2.launch.py -> /home/konstantin/autolab/ros2_ws/install/my_robot_controller/share/my_robot_controller/launch
[0.458s] copying launch/turtlebot3_world.launch.py -> /home/konstantin/autolab/ros2_ws/install/my_robot_controller/share/my_robot_controller/launch
[0.458s] copying launch/start_mapping.launch.py -> /home/konstantin/autolab/ros2_ws/install/my_robot_controller/share/my_robot_controller/launch
[0.458s] copying launch/run_navigation.launch.py -> /home/konstantin/autolab/ros2_ws/install/my_robot_controller/share/my_robot_controller/launch
[0.458s] creating /home/konstantin/autolab/ros2_ws/install/my_robot_controller/share/my_robot_controller/worlds
[0.458s] copying worlds/homework_world.world -> /home/konstantin/autolab/ros2_ws/install/my_robot_controller/share/my_robot_controller/worlds
[0.458s] running install_egg_info
[0.459s] Copying ../../build/my_robot_controller/my_robot_controller.egg-info to /home/konstantin/autolab/ros2_ws/install/my_robot_controller/lib/python3.10/site-packages/my_robot_controller-0.0.0-py3.10.egg-info
[0.459s] running install_scripts
[0.471s] Installing mapping script to /home/konstantin/autolab/ros2_ws/install/my_robot_controller/lib/my_robot_controller
[0.471s] Installing navigation script to /home/konstantin/autolab/ros2_ws/install/my_robot_controller/lib/my_robot_controller
[0.471s] writing list of installed files to '/home/konstantin/autolab/ros2_ws/build/my_robot_controller/install.log'
[0.486s] Invoked command in '/home/konstantin/autolab/ros2_ws/src/my_robot_controller' returned '0': PYTHONPATH=/home/konstantin/autolab/ros2_ws/build/my_robot_controller/prefix_override:/usr/lib/python3/dist-packages/colcon_core/task/python/colcon_distutils_commands:/home/konstantin/autolab/ros2_ws/install/my_robot_controller/lib/python3.10/site-packages:${PYTHONPATH} /usr/bin/python3 -W ignore:setup.py install is deprecated -W ignore:easy_install command is deprecated setup.py egg_info --egg-base ../../build/my_robot_controller build --build-base /home/konstantin/autolab/ros2_ws/build/my_robot_controller/build install --record /home/konstantin/autolab/ros2_ws/build/my_robot_controller/install.log --single-version-externally-managed install_data
