[0.008s] Invoking command in '/home/konstantin/ros2_ws/build/dynamixel_sdk_examples': AMENT_PREFIX_PATH=/home/konstantin/ros2_ws/install/dynamixel_sdk_custom_interfaces:/home/konstantin/ros2_ws/install/dynamixel_sdk:${AMENT_PREFIX_PATH} CMAKE_PREFIX_PATH=/home/konstantin/ros2_ws/install/dynamixel_sdk_custom_interfaces:/home/konstantin/ros2_ws/install/dynamixel_sdk:/home/konstantin/ros2_ws/install/dynamixel_sdk_examples:/home/konstantin/ros2_ws/install/my_robot_controller:/opt/ros/humble LD_LIBRARY_PATH=/home/konstantin/ros2_ws/install/dynamixel_sdk_custom_interfaces/lib:/home/konstantin/ros2_ws/install/dynamixel_sdk/lib:/usr/lib/x86_64-linux-gnu/gazebo-11/plugins:/opt/ros/humble/opt/rviz_ogre_vendor/lib:/opt/ros/humble/lib/x86_64-linux-gnu:/opt/ros/humble/lib:/usr/lib/x86_64-linux-gnu/gazebo-11/plugins PYTHONPATH=/home/konstantin/ros2_ws/install/dynamixel_sdk_custom_interfaces/local/lib/python3.10/dist-packages:/home/konstantin/ros2_ws/install/dynamixel_sdk/local/lib/python3.10/dist-packages:${PYTHONPATH} /usr/bin/cmake --build /home/konstantin/ros2_ws/build/dynamixel_sdk_examples -- -j8 -l8
[0.050s] [100%] Built target read_write_node
[0.059s] Invoked command in '/home/konstantin/ros2_ws/build/dynamixel_sdk_examples' returned '0': AMENT_PREFIX_PATH=/home/konstantin/ros2_ws/install/dynamixel_sdk_custom_interfaces:/home/konstantin/ros2_ws/install/dynamixel_sdk:${AMENT_PREFIX_PATH} CMAKE_PREFIX_PATH=/home/konstantin/ros2_ws/install/dynamixel_sdk_custom_interfaces:/home/konstantin/ros2_ws/install/dynamixel_sdk:/home/konstantin/ros2_ws/install/dynamixel_sdk_examples:/home/konstantin/ros2_ws/install/my_robot_controller:/opt/ros/humble LD_LIBRARY_PATH=/home/konstantin/ros2_ws/install/dynamixel_sdk_custom_interfaces/lib:/home/konstantin/ros2_ws/install/dynamixel_sdk/lib:/usr/lib/x86_64-linux-gnu/gazebo-11/plugins:/opt/ros/humble/opt/rviz_ogre_vendor/lib:/opt/ros/humble/lib/x86_64-linux-gnu:/opt/ros/humble/lib:/usr/lib/x86_64-linux-gnu/gazebo-11/plugins PYTHONPATH=/home/konstantin/ros2_ws/install/dynamixel_sdk_custom_interfaces/local/lib/python3.10/dist-packages:/home/konstantin/ros2_ws/install/dynamixel_sdk/local/lib/python3.10/dist-packages:${PYTHONPATH} /usr/bin/cmake --build /home/konstantin/ros2_ws/build/dynamixel_sdk_examples -- -j8 -l8
[0.060s] Invoking command in '/home/konstantin/ros2_ws/build/dynamixel_sdk_examples': AMENT_PREFIX_PATH=/home/konstantin/ros2_ws/install/dynamixel_sdk_custom_interfaces:/home/konstantin/ros2_ws/install/dynamixel_sdk:${AMENT_PREFIX_PATH} CMAKE_PREFIX_PATH=/home/konstantin/ros2_ws/install/dynamixel_sdk_custom_interfaces:/home/konstantin/ros2_ws/install/dynamixel_sdk:/home/konstantin/ros2_ws/install/dynamixel_sdk_examples:/home/konstantin/ros2_ws/install/my_robot_controller:/opt/ros/humble LD_LIBRARY_PATH=/home/konstantin/ros2_ws/install/dynamixel_sdk_custom_interfaces/lib:/home/konstantin/ros2_ws/install/dynamixel_sdk/lib:/usr/lib/x86_64-linux-gnu/gazebo-11/plugins:/opt/ros/humble/opt/rviz_ogre_vendor/lib:/opt/ros/humble/lib/x86_64-linux-gnu:/opt/ros/humble/lib:/usr/lib/x86_64-linux-gnu/gazebo-11/plugins PYTHONPATH=/home/konstantin/ros2_ws/install/dynamixel_sdk_custom_interfaces/local/lib/python3.10/dist-packages:/home/konstantin/ros2_ws/install/dynamixel_sdk/local/lib/python3.10/dist-packages:${PYTHONPATH} /usr/bin/cmake --install /home/konstantin/ros2_ws/build/dynamixel_sdk_examples
[0.068s] -- Install configuration: ""
[0.068s] -- Execute custom install script
[0.068s] -- Up-to-date symlink: /home/konstantin/ros2_ws/install/dynamixel_sdk_examples/lib/dynamixel_sdk_examples/read_write_node
[0.068s] -- Up-to-date symlink: /home/konstantin/ros2_ws/install/dynamixel_sdk_examples/lib/dynamixel_sdk_examples/read_write_node.py
[0.068s] -- Up-to-date symlink: /home/konstantin/ros2_ws/install/dynamixel_sdk_examples/share/ament_index/resource_index/package_run_dependencies/dynamixel_sdk_examples
[0.068s] -- Up-to-date symlink: /home/konstantin/ros2_ws/install/dynamixel_sdk_examples/share/ament_index/resource_index/parent_prefix_path/dynamixel_sdk_examples
[0.068s] -- Up-to-date symlink: /home/konstantin/ros2_ws/install/dynamixel_sdk_examples/share/dynamixel_sdk_examples/environment/ament_prefix_path.sh
[0.068s] -- Up-to-date symlink: /home/konstantin/ros2_ws/install/dynamixel_sdk_examples/share/dynamixel_sdk_examples/environment/ament_prefix_path.dsv
[0.068s] -- Up-to-date symlink: /home/konstantin/ros2_ws/install/dynamixel_sdk_examples/share/dynamixel_sdk_examples/environment/path.sh
[0.069s] -- Up-to-date symlink: /home/konstantin/ros2_ws/install/dynamixel_sdk_examples/share/dynamixel_sdk_examples/environment/path.dsv
[0.069s] -- Up-to-date symlink: /home/konstantin/ros2_ws/install/dynamixel_sdk_examples/share/dynamixel_sdk_examples/local_setup.bash
[0.069s] -- Up-to-date symlink: /home/konstantin/ros2_ws/install/dynamixel_sdk_examples/share/dynamixel_sdk_examples/local_setup.sh
[0.069s] -- Up-to-date symlink: /home/konstantin/ros2_ws/install/dynamixel_sdk_examples/share/dynamixel_sdk_examples/local_setup.zsh
[0.069s] -- Up-to-date symlink: /home/konstantin/ros2_ws/install/dynamixel_sdk_examples/share/dynamixel_sdk_examples/local_setup.dsv
[0.069s] -- Symlinking: /home/konstantin/ros2_ws/install/dynamixel_sdk_examples/share/dynamixel_sdk_examples/package.dsv
[0.075s] -- Up-to-date symlink: /home/konstantin/ros2_ws/install/dynamixel_sdk_examples/share/ament_index/resource_index/packages/dynamixel_sdk_examples
[0.075s] -- Up-to-date symlink: /home/konstantin/ros2_ws/install/dynamixel_sdk_examples/share/dynamixel_sdk_examples/cmake/dynamixel_sdk_examplesConfig.cmake
[0.075s] -- Up-to-date symlink: /home/konstantin/ros2_ws/install/dynamixel_sdk_examples/share/dynamixel_sdk_examples/cmake/dynamixel_sdk_examplesConfig-version.cmake
[0.075s] -- Up-to-date symlink: /home/konstantin/ros2_ws/install/dynamixel_sdk_examples/share/dynamixel_sdk_examples/package.xml
[0.078s] Invoked command in '/home/konstantin/ros2_ws/build/dynamixel_sdk_examples' returned '0': AMENT_PREFIX_PATH=/home/konstantin/ros2_ws/install/dynamixel_sdk_custom_interfaces:/home/konstantin/ros2_ws/install/dynamixel_sdk:${AMENT_PREFIX_PATH} CMAKE_PREFIX_PATH=/home/konstantin/ros2_ws/install/dynamixel_sdk_custom_interfaces:/home/konstantin/ros2_ws/install/dynamixel_sdk:/home/konstantin/ros2_ws/install/dynamixel_sdk_examples:/home/konstantin/ros2_ws/install/my_robot_controller:/opt/ros/humble LD_LIBRARY_PATH=/home/konstantin/ros2_ws/install/dynamixel_sdk_custom_interfaces/lib:/home/konstantin/ros2_ws/install/dynamixel_sdk/lib:/usr/lib/x86_64-linux-gnu/gazebo-11/plugins:/opt/ros/humble/opt/rviz_ogre_vendor/lib:/opt/ros/humble/lib/x86_64-linux-gnu:/opt/ros/humble/lib:/usr/lib/x86_64-linux-gnu/gazebo-11/plugins PYTHONPATH=/home/konstantin/ros2_ws/install/dynamixel_sdk_custom_interfaces/local/lib/python3.10/dist-packages:/home/konstantin/ros2_ws/install/dynamixel_sdk/local/lib/python3.10/dist-packages:${PYTHONPATH} /usr/bin/cmake --install /home/konstantin/ros2_ws/build/dynamixel_sdk_examples
