[0.330s] Invoking command in '/home/konstantin/ros2_ws/src/my_robot_controller': PYTHONPATH=/home/konstantin/ros2_ws/build/my_robot_controller/prefix_override:/usr/lib/python3/dist-packages/colcon_core/task/python/colcon_distutils_commands:/home/konstantin/ros2_ws/install/my_robot_controller/lib/python3.10/site-packages:${PYTHONPATH} /usr/bin/python3 -W ignore:setup.py install is deprecated -W ignore:easy_install command is deprecated setup.py egg_info --egg-base ../../build/my_robot_controller build --build-base /home/konstantin/ros2_ws/build/my_robot_controller/build install --record /home/konstantin/ros2_ws/build/my_robot_controller/install.log --single-version-externally-managed install_data
[0.452s] running egg_info
[0.453s] writing ../../build/my_robot_controller/my_robot_controller.egg-info/PKG-INFO
[0.453s] writing dependency_links to ../../build/my_robot_controller/my_robot_controller.egg-info/dependency_links.txt
[0.453s] writing entry points to ../../build/my_robot_controller/my_robot_controller.egg-info/entry_points.txt
[0.453s] writing requirements to ../../build/my_robot_controller/my_robot_controller.egg-info/requires.txt
[0.454s] writing top-level names to ../../build/my_robot_controller/my_robot_controller.egg-info/top_level.txt
[0.455s] reading manifest file '../../build/my_robot_controller/my_robot_controller.egg-info/SOURCES.txt'
[0.455s] writing manifest file '../../build/my_robot_controller/my_robot_controller.egg-info/SOURCES.txt'
[0.455s] running build
[0.455s] running build_py
[0.455s] running install
[0.455s] running install_lib
[0.456s] running install_data
[0.456s] running install_egg_info
[0.457s] removing '/home/konstantin/ros2_ws/install/my_robot_controller/lib/python3.10/site-packages/my_robot_controller-0.0.0-py3.10.egg-info' (and everything under it)
[0.457s] Copying ../../build/my_robot_controller/my_robot_controller.egg-info to /home/konstantin/ros2_ws/install/my_robot_controller/lib/python3.10/site-packages/my_robot_controller-0.0.0-py3.10.egg-info
[0.457s] running install_scripts
[0.469s] Installing mapping script to /home/konstantin/ros2_ws/install/my_robot_controller/lib/my_robot_controller
[0.469s] Installing navigation script to /home/konstantin/ros2_ws/install/my_robot_controller/lib/my_robot_controller
[0.469s] writing list of installed files to '/home/konstantin/ros2_ws/build/my_robot_controller/install.log'
[0.484s] Invoked command in '/home/konstantin/ros2_ws/src/my_robot_controller' returned '0': PYTHONPATH=/home/konstantin/ros2_ws/build/my_robot_controller/prefix_override:/usr/lib/python3/dist-packages/colcon_core/task/python/colcon_distutils_commands:/home/konstantin/ros2_ws/install/my_robot_controller/lib/python3.10/site-packages:${PYTHONPATH} /usr/bin/python3 -W ignore:setup.py install is deprecated -W ignore:easy_install command is deprecated setup.py egg_info --egg-base ../../build/my_robot_controller build --build-base /home/konstantin/ros2_ws/build/my_robot_controller/build install --record /home/konstantin/ros2_ws/build/my_robot_controller/install.log --single-version-externally-managed install_data
