[0.013s] Invoking command in '/home/konstantin/ros2_ws/build/dynamixel_sdk': CMAKE_PREFIX_PATH=/home/konstantin/ros2_ws/install/my_robot_controller:/opt/ros/humble /usr/bin/cmake /home/konstantin/ros2_ws/src/DynamixelSDK/ros/dynamixel_sdk -DAMENT_CMAKE_SYMLINK_INSTALL=1 -DCMAKE_INSTALL_PREFIX=/home/konstantin/ros2_ws/install/dynamixel_sdk
[0.058s] -- The C compiler identification is GNU 11.4.0
[0.105s] -- The CXX compiler identification is GNU 11.4.0
[0.111s] -- Detecting C compiler ABI info
[0.168s] -- Detecting C compiler ABI info - done
[0.176s] -- Check for working C compiler: /usr/bin/cc - skipped
[0.176s] -- Detecting C compile features
[0.177s] -- Detecting C compile features - done
[0.179s] -- Detecting CXX compiler ABI info
[0.246s] -- Detecting CXX compiler ABI info - done
[0.254s] -- Check for working CXX compiler: /usr/bin/c++ - skipped
[0.254s] -- Detecting CXX compile features
[0.254s] -- Detecting CXX compile features - done
[0.256s] -- Found ament_cmake: 1.3.11 (/opt/ros/humble/share/ament_cmake/cmake)
[0.378s] -- Found Python3: /usr/bin/python3 (found version "3.10.12") found components: Interpreter 
[0.437s] -- Override CMake install command with custom implementation using symlinks instead of copying resources
[0.587s] -- Configuring done
[0.592s] -- Generating done
[0.594s] -- Build files have been written to: /home/konstantin/ros2_ws/build/dynamixel_sdk
[0.598s] Invoked command in '/home/konstantin/ros2_ws/build/dynamixel_sdk' returned '0': CMAKE_PREFIX_PATH=/home/konstantin/ros2_ws/install/my_robot_controller:/opt/ros/humble /usr/bin/cmake /home/konstantin/ros2_ws/src/DynamixelSDK/ros/dynamixel_sdk -DAMENT_CMAKE_SYMLINK_INSTALL=1 -DCMAKE_INSTALL_PREFIX=/home/konstantin/ros2_ws/install/dynamixel_sdk
[0.600s] Invoking command in '/home/konstantin/ros2_ws/build/dynamixel_sdk': CMAKE_PREFIX_PATH=/home/konstantin/ros2_ws/install/my_robot_controller:/opt/ros/humble /usr/bin/cmake --build /home/konstantin/ros2_ws/build/dynamixel_sdk -- -j8 -l8
[0.651s] [  7%] [32mBuilding CXX object CMakeFiles/dynamixel_sdk.dir/src/dynamixel_sdk/packet_handler.cpp.o[0m
[0.651s] [ 15%] [32mBuilding CXX object CMakeFiles/dynamixel_sdk.dir/src/dynamixel_sdk/group_sync_read.cpp.o[0m
[0.651s] [ 23%] [32mBuilding CXX object CMakeFiles/dynamixel_sdk.dir/src/dynamixel_sdk/group_bulk_read.cpp.o[0m
[0.651s] [ 30%] [32mBuilding CXX object CMakeFiles/dynamixel_sdk.dir/src/dynamixel_sdk/group_sync_write.cpp.o[0m
[0.651s] [ 38%] [32mBuilding CXX object CMakeFiles/dynamixel_sdk.dir/src/dynamixel_sdk/protocol1_packet_handler.cpp.o[0m
[0.651s] [ 53%] [32mBuilding CXX object CMakeFiles/dynamixel_sdk.dir/src/dynamixel_sdk/group_bulk_write.cpp.o[0m
[0.651s] [ 53%] [32mBuilding CXX object CMakeFiles/dynamixel_sdk.dir/src/dynamixel_sdk/protocol2_packet_handler.cpp.o[0m
[0.656s] [ 53%] Built target ament_cmake_python_symlink_dynamixel_sdk
[0.765s] [ 61%] [32mBuilding CXX object CMakeFiles/dynamixel_sdk.dir/src/dynamixel_sdk/group_fast_bulk_read.cpp.o[0m
[0.806s] [ 69%] [32mBuilding CXX object CMakeFiles/dynamixel_sdk.dir/src/dynamixel_sdk/group_fast_sync_read.cpp.o[0m
[0.866s] [ 76%] [32mBuilding CXX object CMakeFiles/dynamixel_sdk.dir/src/dynamixel_sdk/group_handler.cpp.o[0m
[0.977s] [01m[K/home/konstantin/ros2_ws/src/DynamixelSDK/ros/dynamixel_sdk/src/dynamixel_sdk/group_sync_read.cpp:[m[K In member function ‘[01m[Kbool dynamixel::GroupSyncRead::getError(uint8_t, uint8_t*)[m[K’:
[0.978s] [01m[K/home/konstantin/ros2_ws/src/DynamixelSDK/ros/dynamixel_sdk/src/dynamixel_sdk/group_sync_read.cpp:201:19:[m[K [01;35m[Kwarning: [m[Ksuggest parentheses around assignment used as truth value [[01;35m[K]8;;https://gcc.gnu.org/onlinedocs/gcc/Warning-Options.html#index-Wparentheses-Wparentheses]8;;[m[K]
[0.979s]   201 |   return [01;35m[Kerror[0] = error_list_[id][0][m[K;
[0.979s]       |          [01;35m[K~~~~~~~~~^~~~~~~~~~~~~~~~~~~~[m[K
[1.005s] running egg_info
[1.006s] creating dynamixel_sdk.egg-info
[1.006s] writing dynamixel_sdk.egg-info/PKG-INFO
[1.007s] writing dependency_links to dynamixel_sdk.egg-info/dependency_links.txt
[1.007s] writing top-level names to dynamixel_sdk.egg-info/top_level.txt
[1.007s] writing manifest file 'dynamixel_sdk.egg-info/SOURCES.txt'
[1.010s] reading manifest file 'dynamixel_sdk.egg-info/SOURCES.txt'
[1.015s] writing manifest file 'dynamixel_sdk.egg-info/SOURCES.txt'
[1.027s] [ 84%] [32mBuilding CXX object CMakeFiles/dynamixel_sdk.dir/src/dynamixel_sdk/port_handler.cpp.o[0m
[1.029s] [01m[K/home/konstantin/ros2_ws/src/DynamixelSDK/ros/dynamixel_sdk/src/dynamixel_sdk/group_bulk_read.cpp:[m[K In member function ‘[01m[Kbool dynamixel::GroupBulkRead::getError(uint8_t, uint8_t*)[m[K’:
[1.029s] [01m[K/home/konstantin/ros2_ws/src/DynamixelSDK/ros/dynamixel_sdk/src/dynamixel_sdk/group_bulk_read.cpp:232:19:[m[K [01;35m[Kwarning: [m[Ksuggest parentheses around assignment used as truth value [[01;35m[K]8;;https://gcc.gnu.org/onlinedocs/gcc/Warning-Options.html#index-Wparentheses-Wparentheses]8;;[m[K]
[1.029s]   232 |   return [01;35m[Kerror[0] = error_list_[id][0][m[K;
[1.029s]       |          [01;35m[K~~~~~~~~~^~~~~~~~~~~~~~~~~~~~[m[K
[1.052s] [ 92%] [32mBuilding CXX object CMakeFiles/dynamixel_sdk.dir/src/dynamixel_sdk/port_handler_linux.cpp.o[0m
[1.058s] [ 92%] Built target ament_cmake_python_build_dynamixel_sdk_egg
[1.245s] [100%] [32m[1mLinking CXX shared library libdynamixel_sdk.so[0m
[1.313s] [100%] Built target dynamixel_sdk
[1.323s] Invoked command in '/home/konstantin/ros2_ws/build/dynamixel_sdk' returned '0': CMAKE_PREFIX_PATH=/home/konstantin/ros2_ws/install/my_robot_controller:/opt/ros/humble /usr/bin/cmake --build /home/konstantin/ros2_ws/build/dynamixel_sdk -- -j8 -l8
[1.333s] Invoking command in '/home/konstantin/ros2_ws/build/dynamixel_sdk': CMAKE_PREFIX_PATH=/home/konstantin/ros2_ws/install/my_robot_controller:/opt/ros/humble /usr/bin/cmake --install /home/konstantin/ros2_ws/build/dynamixel_sdk
[1.339s] -- Install configuration: ""
[1.340s] -- Execute custom install script
[1.341s] -- Symlinking: /home/konstantin/ros2_ws/install/dynamixel_sdk/include//dynamixel_sdk/dynamixel_sdk.h
[1.349s] -- Symlinking: /home/konstantin/ros2_ws/install/dynamixel_sdk/include//dynamixel_sdk/group_bulk_read.h
[1.357s] -- Symlinking: /home/konstantin/ros2_ws/install/dynamixel_sdk/include//dynamixel_sdk/group_bulk_write.h
[1.364s] -- Symlinking: /home/konstantin/ros2_ws/install/dynamixel_sdk/include//dynamixel_sdk/group_fast_bulk_read.h
[1.372s] -- Symlinking: /home/konstantin/ros2_ws/install/dynamixel_sdk/include//dynamixel_sdk/group_fast_sync_read.h
[1.378s] -- Symlinking: /home/konstantin/ros2_ws/install/dynamixel_sdk/include//dynamixel_sdk/group_handler.h
[1.385s] -- Symlinking: /home/konstantin/ros2_ws/install/dynamixel_sdk/include//dynamixel_sdk/group_sync_read.h
[1.393s] -- Symlinking: /home/konstantin/ros2_ws/install/dynamixel_sdk/include//dynamixel_sdk/group_sync_write.h
[1.401s] -- Symlinking: /home/konstantin/ros2_ws/install/dynamixel_sdk/include//dynamixel_sdk/packet_handler.h
[1.408s] -- Symlinking: /home/konstantin/ros2_ws/install/dynamixel_sdk/include//dynamixel_sdk/port_handler.h
[1.416s] -- Symlinking: /home/konstantin/ros2_ws/install/dynamixel_sdk/include//dynamixel_sdk/port_handler_arduino.h
[1.425s] -- Symlinking: /home/konstantin/ros2_ws/install/dynamixel_sdk/include//dynamixel_sdk/port_handler_linux.h
[1.433s] -- Symlinking: /home/konstantin/ros2_ws/install/dynamixel_sdk/include//dynamixel_sdk/port_handler_mac.h
[1.442s] -- Symlinking: /home/konstantin/ros2_ws/install/dynamixel_sdk/include//dynamixel_sdk/port_handler_windows.h
[1.452s] -- Symlinking: /home/konstantin/ros2_ws/install/dynamixel_sdk/include//dynamixel_sdk/protocol1_packet_handler.h
[1.457s] -- Symlinking: /home/konstantin/ros2_ws/install/dynamixel_sdk/include//dynamixel_sdk/protocol2_packet_handler.h
[1.463s] -- Symlinking: /home/konstantin/ros2_ws/install/dynamixel_sdk/lib/libdynamixel_sdk.so
[1.469s] -- Symlinking: /home/konstantin/ros2_ws/install/dynamixel_sdk/share/dynamixel_sdk/environment/pythonpath.sh
[1.478s] -- Symlinking: /home/konstantin/ros2_ws/install/dynamixel_sdk/share/dynamixel_sdk/environment/pythonpath.dsv
[1.490s] -- Symlinking: /home/konstantin/ros2_ws/install/dynamixel_sdk/local/lib/python3.10/dist-packages/dynamixel_sdk-3.8.2-py3.10.egg-info/PKG-INFO
[1.496s] -- Symlinking: /home/konstantin/ros2_ws/install/dynamixel_sdk/local/lib/python3.10/dist-packages/dynamixel_sdk-3.8.2-py3.10.egg-info/SOURCES.txt
[1.502s] -- Symlinking: /home/konstantin/ros2_ws/install/dynamixel_sdk/local/lib/python3.10/dist-packages/dynamixel_sdk-3.8.2-py3.10.egg-info/dependency_links.txt
[1.508s] -- Symlinking: /home/konstantin/ros2_ws/install/dynamixel_sdk/local/lib/python3.10/dist-packages/dynamixel_sdk-3.8.2-py3.10.egg-info/top_level.txt
[1.515s] -- Symlinking: /home/konstantin/ros2_ws/install/dynamixel_sdk/local/lib/python3.10/dist-packages/dynamixel_sdk/__init__.py
[1.523s] -- Symlinking: /home/konstantin/ros2_ws/install/dynamixel_sdk/local/lib/python3.10/dist-packages/dynamixel_sdk/group_bulk_read.cpp
[1.533s] -- Symlinking: /home/konstantin/ros2_ws/install/dynamixel_sdk/local/lib/python3.10/dist-packages/dynamixel_sdk/group_bulk_read.py
[1.544s] -- Symlinking: /home/konstantin/ros2_ws/install/dynamixel_sdk/local/lib/python3.10/dist-packages/dynamixel_sdk/group_bulk_write.cpp
[1.554s] -- Symlinking: /home/konstantin/ros2_ws/install/dynamixel_sdk/local/lib/python3.10/dist-packages/dynamixel_sdk/group_bulk_write.py
[1.564s] -- Symlinking: /home/konstantin/ros2_ws/install/dynamixel_sdk/local/lib/python3.10/dist-packages/dynamixel_sdk/group_fast_bulk_read.cpp
[1.575s] -- Symlinking: /home/konstantin/ros2_ws/install/dynamixel_sdk/local/lib/python3.10/dist-packages/dynamixel_sdk/group_fast_sync_read.cpp
[1.585s] -- Symlinking: /home/konstantin/ros2_ws/install/dynamixel_sdk/local/lib/python3.10/dist-packages/dynamixel_sdk/group_handler.cpp
[1.595s] -- Symlinking: /home/konstantin/ros2_ws/install/dynamixel_sdk/local/lib/python3.10/dist-packages/dynamixel_sdk/group_sync_read.cpp
[1.603s] -- Symlinking: /home/konstantin/ros2_ws/install/dynamixel_sdk/local/lib/python3.10/dist-packages/dynamixel_sdk/group_sync_read.py
[1.612s] -- Symlinking: /home/konstantin/ros2_ws/install/dynamixel_sdk/local/lib/python3.10/dist-packages/dynamixel_sdk/group_sync_write.cpp
[1.620s] -- Symlinking: /home/konstantin/ros2_ws/install/dynamixel_sdk/local/lib/python3.10/dist-packages/dynamixel_sdk/group_sync_write.py
[1.630s] -- Symlinking: /home/konstantin/ros2_ws/install/dynamixel_sdk/local/lib/python3.10/dist-packages/dynamixel_sdk/packet_handler.cpp
[1.638s] -- Symlinking: /home/konstantin/ros2_ws/install/dynamixel_sdk/local/lib/python3.10/dist-packages/dynamixel_sdk/packet_handler.py
[1.647s] -- Symlinking: /home/konstantin/ros2_ws/install/dynamixel_sdk/local/lib/python3.10/dist-packages/dynamixel_sdk/port_handler.cpp
[1.655s] -- Symlinking: /home/konstantin/ros2_ws/install/dynamixel_sdk/local/lib/python3.10/dist-packages/dynamixel_sdk/port_handler.py
[1.663s] -- Symlinking: /home/konstantin/ros2_ws/install/dynamixel_sdk/local/lib/python3.10/dist-packages/dynamixel_sdk/port_handler_arduino.cpp
[1.672s] -- Symlinking: /home/konstantin/ros2_ws/install/dynamixel_sdk/local/lib/python3.10/dist-packages/dynamixel_sdk/port_handler_linux.cpp
[1.680s] -- Symlinking: /home/konstantin/ros2_ws/install/dynamixel_sdk/local/lib/python3.10/dist-packages/dynamixel_sdk/port_handler_mac.cpp
[1.688s] -- Symlinking: /home/konstantin/ros2_ws/install/dynamixel_sdk/local/lib/python3.10/dist-packages/dynamixel_sdk/port_handler_windows.cpp
[1.696s] -- Symlinking: /home/konstantin/ros2_ws/install/dynamixel_sdk/local/lib/python3.10/dist-packages/dynamixel_sdk/protocol1_packet_handler.cpp
[1.705s] -- Symlinking: /home/konstantin/ros2_ws/install/dynamixel_sdk/local/lib/python3.10/dist-packages/dynamixel_sdk/protocol1_packet_handler.py
[1.710s] -- Symlinking: /home/konstantin/ros2_ws/install/dynamixel_sdk/local/lib/python3.10/dist-packages/dynamixel_sdk/protocol2_packet_handler.cpp
[1.716s] -- Symlinking: /home/konstantin/ros2_ws/install/dynamixel_sdk/local/lib/python3.10/dist-packages/dynamixel_sdk/protocol2_packet_handler.py
[1.721s] -- Symlinking: /home/konstantin/ros2_ws/install/dynamixel_sdk/local/lib/python3.10/dist-packages/dynamixel_sdk/robotis_def.py
[1.729s] -- Symlinking: /home/konstantin/ros2_ws/install/dynamixel_sdk/share/dynamixel_sdk/environment/library_path.sh
[1.736s] -- Symlinking: /home/konstantin/ros2_ws/install/dynamixel_sdk/share/dynamixel_sdk/environment/library_path.dsv
[1.744s] -- Symlinking: /home/konstantin/ros2_ws/install/dynamixel_sdk/share/ament_index/resource_index/package_run_dependencies/dynamixel_sdk
[1.753s] -- Symlinking: /home/konstantin/ros2_ws/install/dynamixel_sdk/share/ament_index/resource_index/parent_prefix_path/dynamixel_sdk
[1.761s] -- Symlinking: /home/konstantin/ros2_ws/install/dynamixel_sdk/share/dynamixel_sdk/environment/ament_prefix_path.sh
[1.770s] -- Symlinking: /home/konstantin/ros2_ws/install/dynamixel_sdk/share/dynamixel_sdk/environment/ament_prefix_path.dsv
[1.778s] -- Symlinking: /home/konstantin/ros2_ws/install/dynamixel_sdk/share/dynamixel_sdk/environment/path.sh
[1.786s] -- Symlinking: /home/konstantin/ros2_ws/install/dynamixel_sdk/share/dynamixel_sdk/environment/path.dsv
[1.797s] -- Symlinking: /home/konstantin/ros2_ws/install/dynamixel_sdk/share/dynamixel_sdk/local_setup.bash
[1.807s] -- Symlinking: /home/konstantin/ros2_ws/install/dynamixel_sdk/share/dynamixel_sdk/local_setup.sh
[1.824s] -- Symlinking: /home/konstantin/ros2_ws/install/dynamixel_sdk/share/dynamixel_sdk/local_setup.zsh
[1.841s] -- Symlinking: /home/konstantin/ros2_ws/install/dynamixel_sdk/share/dynamixel_sdk/local_setup.dsv
[1.852s] -- Symlinking: /home/konstantin/ros2_ws/install/dynamixel_sdk/share/dynamixel_sdk/package.dsv
[1.864s] -- Symlinking: /home/konstantin/ros2_ws/install/dynamixel_sdk/share/ament_index/resource_index/packages/dynamixel_sdk
[1.880s] -- Symlinking: /home/konstantin/ros2_ws/install/dynamixel_sdk/share/dynamixel_sdk/cmake/ament_cmake_export_include_directories-extras.cmake
[1.886s] -- Symlinking: /home/konstantin/ros2_ws/install/dynamixel_sdk/share/dynamixel_sdk/cmake/ament_cmake_export_libraries-extras.cmake
[1.896s] -- Symlinking: /home/konstantin/ros2_ws/install/dynamixel_sdk/share/dynamixel_sdk/cmake/dynamixel_sdkConfig.cmake
[1.906s] -- Symlinking: /home/konstantin/ros2_ws/install/dynamixel_sdk/share/dynamixel_sdk/cmake/dynamixel_sdkConfig-version.cmake
[1.916s] -- Symlinking: /home/konstantin/ros2_ws/install/dynamixel_sdk/share/dynamixel_sdk/package.xml
[1.982s] Listing '/home/konstantin/ros2_ws/install/dynamixel_sdk/local/lib/python3.10/dist-packages/dynamixel_sdk'...
[1.982s] Compiling '/home/konstantin/ros2_ws/install/dynamixel_sdk/local/lib/python3.10/dist-packages/dynamixel_sdk/__init__.py'...
[1.982s] Compiling '/home/konstantin/ros2_ws/install/dynamixel_sdk/local/lib/python3.10/dist-packages/dynamixel_sdk/group_bulk_read.py'...
[1.982s] Compiling '/home/konstantin/ros2_ws/install/dynamixel_sdk/local/lib/python3.10/dist-packages/dynamixel_sdk/group_bulk_write.py'...
[1.982s] Compiling '/home/konstantin/ros2_ws/install/dynamixel_sdk/local/lib/python3.10/dist-packages/dynamixel_sdk/group_sync_read.py'...
[1.982s] Compiling '/home/konstantin/ros2_ws/install/dynamixel_sdk/local/lib/python3.10/dist-packages/dynamixel_sdk/group_sync_write.py'...
[1.982s] Compiling '/home/konstantin/ros2_ws/install/dynamixel_sdk/local/lib/python3.10/dist-packages/dynamixel_sdk/packet_handler.py'...
[1.982s] Compiling '/home/konstantin/ros2_ws/install/dynamixel_sdk/local/lib/python3.10/dist-packages/dynamixel_sdk/port_handler.py'...
[1.982s] Compiling '/home/konstantin/ros2_ws/install/dynamixel_sdk/local/lib/python3.10/dist-packages/dynamixel_sdk/protocol1_packet_handler.py'...
[1.982s] Compiling '/home/konstantin/ros2_ws/install/dynamixel_sdk/local/lib/python3.10/dist-packages/dynamixel_sdk/protocol2_packet_handler.py'...
[1.982s] Compiling '/home/konstantin/ros2_ws/install/dynamixel_sdk/local/lib/python3.10/dist-packages/dynamixel_sdk/robotis_def.py'...
[1.995s] Invoked command in '/home/konstantin/ros2_ws/build/dynamixel_sdk' returned '0': CMAKE_PREFIX_PATH=/home/konstantin/ros2_ws/install/my_robot_controller:/opt/ros/humble /usr/bin/cmake --install /home/konstantin/ros2_ws/build/dynamixel_sdk
