[0.007s] Invoking command in '/home/konstantin/autolab/ros2_ws/build/dynamixel_sdk_examples': AMENT_PREFIX_PATH=/home/konstantin/autolab/ros2_ws/install/dynamixel_sdk_custom_interfaces:/home/konstantin/autolab/ros2_ws/install/dynamixel_sdk:${AMENT_PREFIX_PATH} CMAKE_PREFIX_PATH=/home/konstantin/autolab/ros2_ws/install/dynamixel_sdk_custom_interfaces:/home/konstantin/autolab/ros2_ws/install/dynamixel_sdk:/home/konstantin/ros2_ws/install/my_robot_controller:/opt/ros/humble LD_LIBRARY_PATH=/home/konstantin/autolab/ros2_ws/install/dynamixel_sdk_custom_interfaces/lib:/home/konstantin/autolab/ros2_ws/install/dynamixel_sdk/lib:/usr/lib/x86_64-linux-gnu/gazebo-11/plugins:/opt/ros/humble/opt/rviz_ogre_vendor/lib:/opt/ros/humble/lib/x86_64-linux-gnu:/opt/ros/humble/lib:/usr/lib/x86_64-linux-gnu/gazebo-11/plugins PYTHONPATH=/home/konstantin/autolab/ros2_ws/install/dynamixel_sdk_custom_interfaces/local/lib/python3.10/dist-packages:/home/konstantin/autolab/ros2_ws/install/dynamixel_sdk/local/lib/python3.10/dist-packages:${PYTHONPATH} /usr/bin/cmake /home/konstantin/autolab/ros2_ws/src/DynamixelSDK/ros/dynamixel_sdk_examples -DCMAKE_INSTALL_PREFIX=/home/konstantin/autolab/ros2_ws/install/dynamixel_sdk_examples
[0.047s] -- The C compiler identification is GNU 11.4.0
[0.084s] -- The CXX compiler identification is GNU 11.4.0
[0.090s] -- Detecting C compiler ABI info
[0.140s] -- Detecting C compiler ABI info - done
[0.145s] -- Check for working C compiler: /usr/bin/cc - skipped
[0.145s] -- Detecting C compile features
[0.145s] -- Detecting C compile features - done
[0.147s] -- Detecting CXX compiler ABI info
[0.204s] -- Detecting CXX compiler ABI info - done
[0.209s] -- Check for working CXX compiler: /usr/bin/c++ - skipped
[0.209s] -- Detecting CXX compile features
[0.209s] -- Detecting CXX compile features - done
[0.210s] -- Found ament_cmake: 1.3.11 (/opt/ros/humble/share/ament_cmake/cmake)
[0.311s] -- Found Python3: /usr/bin/python3 (found version "3.10.12") found components: Interpreter 
[0.364s] -- Found dynamixel_sdk: 3.8.2 (/home/konstantin/autolab/ros2_ws/install/dynamixel_sdk/share/dynamixel_sdk/cmake)
[0.365s] -- Found dynamixel_sdk_custom_interfaces: 3.8.2 (/home/konstantin/autolab/ros2_ws/install/dynamixel_sdk_custom_interfaces/share/dynamixel_sdk_custom_interfaces/cmake)
[0.385s] -- Found rosidl_generator_c: 3.1.6 (/opt/ros/humble/share/rosidl_generator_c/cmake)
[0.387s] -- Found rosidl_adapter: 3.1.6 (/opt/ros/humble/share/rosidl_adapter/cmake)
[0.392s] -- Found rosidl_generator_cpp: 3.1.6 (/opt/ros/humble/share/rosidl_generator_cpp/cmake)
[0.399s] -- Using all available rosidl_typesupport_c: rosidl_typesupport_fastrtps_c;rosidl_typesupport_introspection_c
[0.407s] -- Using all available rosidl_typesupport_cpp: rosidl_typesupport_fastrtps_cpp;rosidl_typesupport_introspection_cpp
[0.422s] -- Found rclcpp: 16.0.12 (/opt/ros/humble/share/rclcpp/cmake)
[0.443s] -- Found rmw_implementation_cmake: 6.1.2 (/opt/ros/humble/share/rmw_implementation_cmake/cmake)
[0.445s] -- Found rmw_fastrtps_cpp: 6.2.7 (/opt/ros/humble/share/rmw_fastrtps_cpp/cmake)
[0.501s] -- Found OpenSSL: /usr/lib/x86_64-linux-gnu/libcrypto.so (found version "3.0.2")  
[0.521s] -- Found FastRTPS: /opt/ros/humble/include  
[0.546s] -- Using RMW implementation 'rmw_fastrtps_cpp' as default
[0.551s] -- Looking for pthread.h
[0.603s] -- Looking for pthread.h - found
[0.603s] -- Performing Test CMAKE_HAVE_LIBC_PTHREAD
[0.655s] -- Performing Test CMAKE_HAVE_LIBC_PTHREAD - Success
[0.655s] -- Found Threads: TRUE  
[0.683s] -- Found rclpy: 3.3.16 (/opt/ros/humble/share/rclpy/cmake)
[0.685s] -- Found ament_lint_auto: 0.12.12 (/opt/ros/humble/share/ament_lint_auto/cmake)
[0.732s] -- Added test 'copyright' to check source files copyright and LICENSE
[0.733s] -- Added test 'cppcheck' to perform static code analysis on C / C++ code
[0.733s] -- Configured cppcheck include dirs: /home/konstantin/autolab/ros2_ws/src/DynamixelSDK/ros/dynamixel_sdk_examples/include
[0.733s] -- Configured cppcheck exclude dirs and/or files: 
[0.733s] -- Added test 'cpplint' to check C / C++ code against the Google style
[0.733s] -- Configured cpplint exclude dirs and/or files: 
[0.733s] -- Added test 'flake8' to check Python code syntax and style conventions
[0.734s] -- Added test 'lint_cmake' to check CMake code style
[0.734s] -- Added test 'pep257' to check Python code against some of the docstring style conventions in PEP 257
[0.734s] -- Added test 'uncrustify' to check C / C++ code style
[0.734s] -- Configured uncrustify additional arguments: 
[0.734s] -- Added test 'xmllint' to check XML markup files
[0.735s] -- Configuring done
[0.740s] -- Generating done
[0.742s] -- Build files have been written to: /home/konstantin/autolab/ros2_ws/build/dynamixel_sdk_examples
[0.748s] Invoked command in '/home/konstantin/autolab/ros2_ws/build/dynamixel_sdk_examples' returned '0': AMENT_PREFIX_PATH=/home/konstantin/autolab/ros2_ws/install/dynamixel_sdk_custom_interfaces:/home/konstantin/autolab/ros2_ws/install/dynamixel_sdk:${AMENT_PREFIX_PATH} CMAKE_PREFIX_PATH=/home/konstantin/autolab/ros2_ws/install/dynamixel_sdk_custom_interfaces:/home/konstantin/autolab/ros2_ws/install/dynamixel_sdk:/home/konstantin/ros2_ws/install/my_robot_controller:/opt/ros/humble LD_LIBRARY_PATH=/home/konstantin/autolab/ros2_ws/install/dynamixel_sdk_custom_interfaces/lib:/home/konstantin/autolab/ros2_ws/install/dynamixel_sdk/lib:/usr/lib/x86_64-linux-gnu/gazebo-11/plugins:/opt/ros/humble/opt/rviz_ogre_vendor/lib:/opt/ros/humble/lib/x86_64-linux-gnu:/opt/ros/humble/lib:/usr/lib/x86_64-linux-gnu/gazebo-11/plugins PYTHONPATH=/home/konstantin/autolab/ros2_ws/install/dynamixel_sdk_custom_interfaces/local/lib/python3.10/dist-packages:/home/konstantin/autolab/ros2_ws/install/dynamixel_sdk/local/lib/python3.10/dist-packages:${PYTHONPATH} /usr/bin/cmake /home/konstantin/autolab/ros2_ws/src/DynamixelSDK/ros/dynamixel_sdk_examples -DCMAKE_INSTALL_PREFIX=/home/konstantin/autolab/ros2_ws/install/dynamixel_sdk_examples
[0.748s] Invoking command in '/home/konstantin/autolab/ros2_ws/build/dynamixel_sdk_examples': AMENT_PREFIX_PATH=/home/konstantin/autolab/ros2_ws/install/dynamixel_sdk_custom_interfaces:/home/konstantin/autolab/ros2_ws/install/dynamixel_sdk:${AMENT_PREFIX_PATH} CMAKE_PREFIX_PATH=/home/konstantin/autolab/ros2_ws/install/dynamixel_sdk_custom_interfaces:/home/konstantin/autolab/ros2_ws/install/dynamixel_sdk:/home/konstantin/ros2_ws/install/my_robot_controller:/opt/ros/humble LD_LIBRARY_PATH=/home/konstantin/autolab/ros2_ws/install/dynamixel_sdk_custom_interfaces/lib:/home/konstantin/autolab/ros2_ws/install/dynamixel_sdk/lib:/usr/lib/x86_64-linux-gnu/gazebo-11/plugins:/opt/ros/humble/opt/rviz_ogre_vendor/lib:/opt/ros/humble/lib/x86_64-linux-gnu:/opt/ros/humble/lib:/usr/lib/x86_64-linux-gnu/gazebo-11/plugins PYTHONPATH=/home/konstantin/autolab/ros2_ws/install/dynamixel_sdk_custom_interfaces/local/lib/python3.10/dist-packages:/home/konstantin/autolab/ros2_ws/install/dynamixel_sdk/local/lib/python3.10/dist-packages:${PYTHONPATH} /usr/bin/cmake --build /home/konstantin/autolab/ros2_ws/build/dynamixel_sdk_examples -- -j8 -l8
[0.789s] [ 50%] [32mBuilding CXX object CMakeFiles/read_write_node.dir/src/read_write_node.cpp.o[0m
[5.444s] [100%] [32m[1mLinking CXX executable read_write_node[0m
[5.679s] [100%] Built target read_write_node
[5.688s] Invoked command in '/home/konstantin/autolab/ros2_ws/build/dynamixel_sdk_examples' returned '0': AMENT_PREFIX_PATH=/home/konstantin/autolab/ros2_ws/install/dynamixel_sdk_custom_interfaces:/home/konstantin/autolab/ros2_ws/install/dynamixel_sdk:${AMENT_PREFIX_PATH} CMAKE_PREFIX_PATH=/home/konstantin/autolab/ros2_ws/install/dynamixel_sdk_custom_interfaces:/home/konstantin/autolab/ros2_ws/install/dynamixel_sdk:/home/konstantin/ros2_ws/install/my_robot_controller:/opt/ros/humble LD_LIBRARY_PATH=/home/konstantin/autolab/ros2_ws/install/dynamixel_sdk_custom_interfaces/lib:/home/konstantin/autolab/ros2_ws/install/dynamixel_sdk/lib:/usr/lib/x86_64-linux-gnu/gazebo-11/plugins:/opt/ros/humble/opt/rviz_ogre_vendor/lib:/opt/ros/humble/lib/x86_64-linux-gnu:/opt/ros/humble/lib:/usr/lib/x86_64-linux-gnu/gazebo-11/plugins PYTHONPATH=/home/konstantin/autolab/ros2_ws/install/dynamixel_sdk_custom_interfaces/local/lib/python3.10/dist-packages:/home/konstantin/autolab/ros2_ws/install/dynamixel_sdk/local/lib/python3.10/dist-packages:${PYTHONPATH} /usr/bin/cmake --build /home/konstantin/autolab/ros2_ws/build/dynamixel_sdk_examples -- -j8 -l8
[5.689s] Invoking command in '/home/konstantin/autolab/ros2_ws/build/dynamixel_sdk_examples': AMENT_PREFIX_PATH=/home/konstantin/autolab/ros2_ws/install/dynamixel_sdk_custom_interfaces:/home/konstantin/autolab/ros2_ws/install/dynamixel_sdk:${AMENT_PREFIX_PATH} CMAKE_PREFIX_PATH=/home/konstantin/autolab/ros2_ws/install/dynamixel_sdk_custom_interfaces:/home/konstantin/autolab/ros2_ws/install/dynamixel_sdk:/home/konstantin/ros2_ws/install/my_robot_controller:/opt/ros/humble LD_LIBRARY_PATH=/home/konstantin/autolab/ros2_ws/install/dynamixel_sdk_custom_interfaces/lib:/home/konstantin/autolab/ros2_ws/install/dynamixel_sdk/lib:/usr/lib/x86_64-linux-gnu/gazebo-11/plugins:/opt/ros/humble/opt/rviz_ogre_vendor/lib:/opt/ros/humble/lib/x86_64-linux-gnu:/opt/ros/humble/lib:/usr/lib/x86_64-linux-gnu/gazebo-11/plugins PYTHONPATH=/home/konstantin/autolab/ros2_ws/install/dynamixel_sdk_custom_interfaces/local/lib/python3.10/dist-packages:/home/konstantin/autolab/ros2_ws/install/dynamixel_sdk/local/lib/python3.10/dist-packages:${PYTHONPATH} /usr/bin/cmake --install /home/konstantin/autolab/ros2_ws/build/dynamixel_sdk_examples
[5.695s] -- Install configuration: ""
[5.695s] -- Installing: /home/konstantin/autolab/ros2_ws/install/dynamixel_sdk_examples/lib/dynamixel_sdk_examples/read_write_node
[5.697s] -- Set runtime path of "/home/konstantin/autolab/ros2_ws/install/dynamixel_sdk_examples/lib/dynamixel_sdk_examples/read_write_node" to ""
[5.697s] -- Installing: /home/konstantin/autolab/ros2_ws/install/dynamixel_sdk_examples/lib/dynamixel_sdk_examples/read_write_node.py
[5.697s] -- Installing: /home/konstantin/autolab/ros2_ws/install/dynamixel_sdk_examples/share/ament_index/resource_index/package_run_dependencies/dynamixel_sdk_examples
[5.697s] -- Installing: /home/konstantin/autolab/ros2_ws/install/dynamixel_sdk_examples/share/ament_index/resource_index/parent_prefix_path/dynamixel_sdk_examples
[5.697s] -- Installing: /home/konstantin/autolab/ros2_ws/install/dynamixel_sdk_examples/share/dynamixel_sdk_examples/environment/ament_prefix_path.sh
[5.697s] -- Installing: /home/konstantin/autolab/ros2_ws/install/dynamixel_sdk_examples/share/dynamixel_sdk_examples/environment/ament_prefix_path.dsv
[5.697s] -- Installing: /home/konstantin/autolab/ros2_ws/install/dynamixel_sdk_examples/share/dynamixel_sdk_examples/environment/path.sh
[5.697s] -- Installing: /home/konstantin/autolab/ros2_ws/install/dynamixel_sdk_examples/share/dynamixel_sdk_examples/environment/path.dsv
[5.697s] -- Installing: /home/konstantin/autolab/ros2_ws/install/dynamixel_sdk_examples/share/dynamixel_sdk_examples/local_setup.bash
[5.697s] -- Installing: /home/konstantin/autolab/ros2_ws/install/dynamixel_sdk_examples/share/dynamixel_sdk_examples/local_setup.sh
[5.697s] -- Installing: /home/konstantin/autolab/ros2_ws/install/dynamixel_sdk_examples/share/dynamixel_sdk_examples/local_setup.zsh
[5.697s] -- Installing: /home/konstantin/autolab/ros2_ws/install/dynamixel_sdk_examples/share/dynamixel_sdk_examples/local_setup.dsv
[5.698s] -- Installing: /home/konstantin/autolab/ros2_ws/install/dynamixel_sdk_examples/share/dynamixel_sdk_examples/package.dsv
[5.698s] -- Installing: /home/konstantin/autolab/ros2_ws/install/dynamixel_sdk_examples/share/ament_index/resource_index/packages/dynamixel_sdk_examples
[5.698s] -- Installing: /home/konstantin/autolab/ros2_ws/install/dynamixel_sdk_examples/share/dynamixel_sdk_examples/cmake/dynamixel_sdk_examplesConfig.cmake
[5.698s] -- Installing: /home/konstantin/autolab/ros2_ws/install/dynamixel_sdk_examples/share/dynamixel_sdk_examples/cmake/dynamixel_sdk_examplesConfig-version.cmake
[5.698s] -- Installing: /home/konstantin/autolab/ros2_ws/install/dynamixel_sdk_examples/share/dynamixel_sdk_examples/package.xml
[5.699s] Invoked command in '/home/konstantin/autolab/ros2_ws/build/dynamixel_sdk_examples' returned '0': AMENT_PREFIX_PATH=/home/konstantin/autolab/ros2_ws/install/dynamixel_sdk_custom_interfaces:/home/konstantin/autolab/ros2_ws/install/dynamixel_sdk:${AMENT_PREFIX_PATH} CMAKE_PREFIX_PATH=/home/konstantin/autolab/ros2_ws/install/dynamixel_sdk_custom_interfaces:/home/konstantin/autolab/ros2_ws/install/dynamixel_sdk:/home/konstantin/ros2_ws/install/my_robot_controller:/opt/ros/humble LD_LIBRARY_PATH=/home/konstantin/autolab/ros2_ws/install/dynamixel_sdk_custom_interfaces/lib:/home/konstantin/autolab/ros2_ws/install/dynamixel_sdk/lib:/usr/lib/x86_64-linux-gnu/gazebo-11/plugins:/opt/ros/humble/opt/rviz_ogre_vendor/lib:/opt/ros/humble/lib/x86_64-linux-gnu:/opt/ros/humble/lib:/usr/lib/x86_64-linux-gnu/gazebo-11/plugins PYTHONPATH=/home/konstantin/autolab/ros2_ws/install/dynamixel_sdk_custom_interfaces/local/lib/python3.10/dist-packages:/home/konstantin/autolab/ros2_ws/install/dynamixel_sdk/local/lib/python3.10/dist-packages:${PYTHONPATH} /usr/bin/cmake --install /home/konstantin/autolab/ros2_ws/build/dynamixel_sdk_examples
