running develop
running egg_info
creating my_robot_controller.egg-info
writing my_robot_controller.egg-info/PKG-INFO
writing dependency_links to my_robot_controller.egg-info/dependency_links.txt
writing entry points to my_robot_controller.egg-info/entry_points.txt
writing requirements to my_robot_controller.egg-info/requires.txt
writing top-level names to my_robot_controller.egg-info/top_level.txt
writing manifest file 'my_robot_controller.egg-info/SOURCES.txt'
reading manifest file 'my_robot_controller.egg-info/SOURCES.txt'
writing manifest file 'my_robot_controller.egg-info/SOURCES.txt'
running build_ext
Creating /home/konstantin/ros2_ws/install/my_robot_controller/lib/python3.10/site-packages/my-robot-controller.egg-link (link to .)
Installing mapping script to /home/konstantin/ros2_ws/install/my_robot_controller/lib/my_robot_controller
Installing navigation script to /home/konstantin/ros2_ws/install/my_robot_controller/lib/my_robot_controller

Installed /home/konstantin/ros2_ws/build/my_robot_controller
running symlink_data
creating /home/konstantin/ros2_ws/install/my_robot_controller/share/ament_index
creating /home/konstantin/ros2_ws/install/my_robot_controller/share/ament_index/resource_index
creating /home/konstantin/ros2_ws/install/my_robot_controller/share/ament_index/resource_index/packages
symbolically linking /home/konstantin/ros2_ws/build/my_robot_controller/resource/my_robot_controller -> /home/konstantin/ros2_ws/install/my_robot_controller/share/ament_index/resource_index/packages
symbolically linking /home/konstantin/ros2_ws/build/my_robot_controller/package.xml -> /home/konstantin/ros2_ws/install/my_robot_controller/share/my_robot_controller
creating /home/konstantin/ros2_ws/install/my_robot_controller/share/my_robot_controller/maps
symbolically linking /home/konstantin/ros2_ws/build/my_robot_controller/maps/map.pgm -> /home/konstantin/ros2_ws/install/my_robot_controller/share/my_robot_controller/maps
symbolically linking /home/konstantin/ros2_ws/build/my_robot_controller/maps/map.yaml -> /home/konstantin/ros2_ws/install/my_robot_controller/share/my_robot_controller/maps
creating /home/konstantin/ros2_ws/install/my_robot_controller/share/my_robot_controller/launch
symbolically linking /home/konstantin/ros2_ws/build/my_robot_controller/launch/navigation2.launch.py -> /home/konstantin/ros2_ws/install/my_robot_controller/share/my_robot_controller/launch
symbolically linking /home/konstantin/ros2_ws/build/my_robot_controller/launch/turtlebot3_world.launch.py -> /home/konstantin/ros2_ws/install/my_robot_controller/share/my_robot_controller/launch
symbolically linking /home/konstantin/ros2_ws/build/my_robot_controller/launch/start_mapping.launch.py -> /home/konstantin/ros2_ws/install/my_robot_controller/share/my_robot_controller/launch
symbolically linking /home/konstantin/ros2_ws/build/my_robot_controller/launch/run_navigation.launch.py -> /home/konstantin/ros2_ws/install/my_robot_controller/share/my_robot_controller/launch
creating /home/konstantin/ros2_ws/install/my_robot_controller/share/my_robot_controller/worlds
symbolically linking /home/konstantin/ros2_ws/build/my_robot_controller/worlds/homework_world.world -> /home/konstantin/ros2_ws/install/my_robot_controller/share/my_robot_controller/worlds
